2020-09-03 15:42:48.195 [restartedMain] WARN  org.thymeleaf.templatemode.TemplateMode - [THYMELEAF][restartedMain] Template Mode 'LEGACYHTML5' is deprecated. Using Template Mode 'HTML' instead.
2020-09-03 15:42:48.399 [restartedMain] WARN  s.d.s.w.readers.parameter.ParameterDataTypeReader - Trying to infer dataType org.springframework.ui.ModelMap
2020-09-03 15:56:00.565 [http-nio-9394-exec-2] WARN  o.s.w.s.m.m.a.ExceptionHandlerExceptionResolver - Resolved [org.springframework.dao.DataIntegrityViolationException:
### Error updating database.  Cause: java.sql.SQLException: Field 'form_data' doesn't have a default value
### The error may exist in com/liuwenxu/df/mapper/FormMapper.java (best guess)
### The error may involve com.liuwenxu.boot.mapper.FormMapper.insert-Inline
### The error occurred while setting parameters
### SQL: INSERT INTO form  ( title, form_config )  VALUES  ( ?, ? )
### Cause: java.sql.SQLException: Field 'form_data' doesn't have a default value
; Field 'form_data' doesn't have a default value; nested exception is java.sql.SQLException: Field 'form_data' doesn't have a default value]
2020-09-03 15:57:03.685 [http-nio-9394-exec-4] WARN  o.s.w.s.m.m.a.ExceptionHandlerExceptionResolver - Resolved [org.springframework.dao.DataIntegrityViolationException:
### Error updating database.  Cause: java.sql.SQLException: Field 'creat_time' doesn't have a default value
### The error may exist in com/liuwenxu/df/mapper/FormMapper.java (best guess)
### The error may involve com.liuwenxu.boot.mapper.FormMapper.insert-Inline
### The error occurred while setting parameters
### SQL: INSERT INTO form  ( title, form_config )  VALUES  ( ?, ? )
### Cause: java.sql.SQLException: Field 'creat_time' doesn't have a default value
; Field 'creat_time' doesn't have a default value; nested exception is java.sql.SQLException: Field 'creat_time' doesn't have a default value]
2020-09-03 15:57:12.842 [http-nio-9394-exec-5] WARN  o.s.w.s.m.m.a.ExceptionHandlerExceptionResolver - Resolved [org.springframework.dao.DataIntegrityViolationException:
### Error updating database.  Cause: java.sql.SQLException: Field 'creat_time' doesn't have a default value
### The error may exist in com/liuwenxu/df/mapper/FormMapper.java (best guess)
### The error may involve com.liuwenxu.boot.mapper.FormMapper.insert-Inline
### The error occurred while setting parameters
### SQL: INSERT INTO form  ( title, form_config )  VALUES  ( ?, ? )
### Cause: java.sql.SQLException: Field 'creat_time' doesn't have a default value
; Field 'creat_time' doesn't have a default value; nested exception is java.sql.SQLException: Field 'creat_time' doesn't have a default value]
2020-09-03 15:57:45.175 [restartedMain] WARN  org.thymeleaf.templatemode.TemplateMode - [THYMELEAF][restartedMain] Template Mode 'LEGACYHTML5' is deprecated. Using Template Mode 'HTML' instead.
2020-09-03 15:57:45.336 [restartedMain] WARN  s.d.s.w.readers.parameter.ParameterDataTypeReader - Trying to infer dataType org.springframework.ui.ModelMap
2020-09-03 15:57:50.189 [http-nio-9394-exec-1] WARN  o.s.w.s.m.m.a.ExceptionHandlerExceptionResolver - Resolved [org.springframework.dao.DataIntegrityViolationException:
### Error updating database.  Cause: java.sql.SQLException: Field 'creat_time' doesn't have a default value
### The error may exist in com/liuwenxu/df/mapper/FormMapper.java (best guess)
### The error may involve com.liuwenxu.boot.mapper.FormMapper.insert-Inline
### The error occurred while setting parameters
### SQL: INSERT INTO form  ( title, form_config )  VALUES  ( ?, ? )
### Cause: java.sql.SQLException: Field 'creat_time' doesn't have a default value
; Field 'creat_time' doesn't have a default value; nested exception is java.sql.SQLException: Field 'creat_time' doesn't have a default value]
2020-09-03 15:58:11.987 [http-nio-9394-exec-2] WARN  o.s.w.s.m.m.a.ExceptionHandlerExceptionResolver - Resolved [org.springframework.dao.DataIntegrityViolationException:
### Error updating database.  Cause: java.sql.SQLException: Field 'creat_time' doesn't have a default value
### The error may exist in com/liuwenxu/df/mapper/FormMapper.java (best guess)
### The error may involve com.liuwenxu.boot.mapper.FormMapper.insert-Inline
### The error occurred while setting parameters
### SQL: INSERT INTO form  ( title, form_config )  VALUES  ( ?, ? )
### Cause: java.sql.SQLException: Field 'creat_time' doesn't have a default value
; Field 'creat_time' doesn't have a default value; nested exception is java.sql.SQLException: Field 'creat_time' doesn't have a default value]
2020-09-03 15:58:34.652 [restartedMain] WARN  org.thymeleaf.templatemode.TemplateMode - [THYMELEAF][restartedMain] Template Mode 'LEGACYHTML5' is deprecated. Using Template Mode 'HTML' instead.
2020-09-03 15:58:34.821 [restartedMain] WARN  s.d.s.w.readers.parameter.ParameterDataTypeReader - Trying to infer dataType org.springframework.ui.ModelMap
2020-09-03 16:01:20.224 [restartedMain] WARN  org.thymeleaf.templatemode.TemplateMode - [THYMELEAF][restartedMain] Template Mode 'LEGACYHTML5' is deprecated. Using Template Mode 'HTML' instead.
2020-09-03 16:01:20.447 [restartedMain] WARN  s.d.s.w.readers.parameter.ParameterDataTypeReader - Trying to infer dataType org.springframework.ui.ModelMap
2020-09-03 16:03:25.649 [http-nio-9394-exec-4] WARN  o.s.w.s.m.m.a.ExceptionHandlerExceptionResolver - Resolved [org.springframework.dao.DataIntegrityViolationException:
### Error updating database.  Cause: java.sql.SQLException: Field 'form_config' doesn't have a default value
### The error may exist in com/liuwenxu/df/mapper/FormMapper.java (best guess)
### The error may involve com.liuwenxu.boot.mapper.FormMapper.insert-Inline
### The error occurred while setting parameters
### SQL: INSERT INTO form  ( title,   creat_time )  VALUES  ( ?,   ? )
### Cause: java.sql.SQLException: Field 'form_config' doesn't have a default value
; Field 'form_config' doesn't have a default value; nested exception is java.sql.SQLException: Field 'form_config' doesn't have a default value]
2020-09-03 16:05:53.508 [restartedMain] WARN  org.thymeleaf.templatemode.TemplateMode - [THYMELEAF][restartedMain] Template Mode 'LEGACYHTML5' is deprecated. Using Template Mode 'HTML' instead.
2020-09-03 16:05:53.664 [restartedMain] WARN  s.d.s.w.readers.parameter.ParameterDataTypeReader - Trying to infer dataType org.springframework.ui.ModelMap
2020-09-03 16:06:03.328 [http-nio-9394-exec-2] WARN  o.s.w.s.m.m.a.ExceptionHandlerExceptionResolver - Resolved [org.springframework.dao.DataIntegrityViolationException:
### Error updating database.  Cause: java.sql.SQLException: Field 'form_config' doesn't have a default value
### The error may exist in com/liuwenxu/df/mapper/FormMapper.java (best guess)
### The error may involve com.liuwenxu.boot.mapper.FormMapper.insert-Inline
### The error occurred while setting parameters
### SQL: INSERT INTO form  ( title,   creat_time )  VALUES  ( ?,   ? )
### Cause: java.sql.SQLException: Field 'form_config' doesn't have a default value
; Field 'form_config' doesn't have a default value; nested exception is java.sql.SQLException: Field 'form_config' doesn't have a default value]
2020-09-03 16:07:06.668 [http-nio-9394-exec-4] WARN  o.s.w.s.m.m.a.ExceptionHandlerExceptionResolver - Resolved [org.springframework.dao.DataIntegrityViolationException:
### Error updating database.  Cause: java.sql.SQLException: Field 'form_config' doesn't have a default value
### The error may exist in com/liuwenxu/df/mapper/FormMapper.java (best guess)
### The error may involve com.liuwenxu.boot.mapper.FormMapper.insert-Inline
### The error occurred while setting parameters
### SQL: INSERT INTO form  ( title,   creat_time )  VALUES  ( ?,   ? )
### Cause: java.sql.SQLException: Field 'form_config' doesn't have a default value
; Field 'form_config' doesn't have a default value; nested exception is java.sql.SQLException: Field 'form_config' doesn't have a default value]
2020-09-03 16:07:34.902 [http-nio-9394-exec-6] WARN  o.s.w.s.m.m.a.ExceptionHandlerExceptionResolver - Resolved [org.springframework.dao.DataIntegrityViolationException:
### Error updating database.  Cause: java.sql.SQLException: Field 'form_config' doesn't have a default value
### The error may exist in com/liuwenxu/df/mapper/FormMapper.java (best guess)
### The error may involve com.liuwenxu.boot.mapper.FormMapper.insert-Inline
### The error occurred while setting parameters
### SQL: INSERT INTO form  ( title,   creat_time )  VALUES  ( ?,   ? )
### Cause: java.sql.SQLException: Field 'form_config' doesn't have a default value
; Field 'form_config' doesn't have a default value; nested exception is java.sql.SQLException: Field 'form_config' doesn't have a default value]
2020-09-03 16:08:27.482 [HikariPool-1 housekeeper] WARN  com.zaxxer.hikari.pool.HikariPool - HikariPool-1 - Thread starvation or clock leap detected (housekeeper delta=54s128ms).
2020-09-03 16:08:27.492 [http-nio-9394-exec-7] WARN  o.s.w.s.m.m.a.ExceptionHandlerExceptionResolver - Resolved [org.springframework.dao.DataIntegrityViolationException:
### Error updating database.  Cause: java.sql.SQLException: Field 'form_config' doesn't have a default value
### The error may exist in com/liuwenxu/df/mapper/FormMapper.java (best guess)
### The error may involve com.liuwenxu.boot.mapper.FormMapper.insert-Inline
### The error occurred while setting parameters
### SQL: INSERT INTO form  ( title,   creat_time )  VALUES  ( ?,   ? )
### Cause: java.sql.SQLException: Field 'form_config' doesn't have a default value
; Field 'form_config' doesn't have a default value; nested exception is java.sql.SQLException: Field 'form_config' doesn't have a default value]
2020-09-03 16:10:38.828 [http-nio-9394-exec-8] WARN  o.s.w.s.m.m.a.ExceptionHandlerExceptionResolver - Resolved [org.springframework.dao.DataIntegrityViolationException:
### Error updating database.  Cause: java.sql.SQLException: Field 'form_config' doesn't have a default value
### The error may exist in com/liuwenxu/df/mapper/FormMapper.java (best guess)
### The error may involve com.liuwenxu.boot.mapper.FormMapper.insert-Inline
### The error occurred while setting parameters
### SQL: INSERT INTO form  ( title,   creat_time )  VALUES  ( ?,   ? )
### Cause: java.sql.SQLException: Field 'form_config' doesn't have a default value
; Field 'form_config' doesn't have a default value; nested exception is java.sql.SQLException: Field 'form_config' doesn't have a default value]
2020-09-03 16:14:27.026 [http-nio-9394-exec-9] WARN  o.s.w.s.m.m.a.ExceptionHandlerExceptionResolver - Resolved [org.springframework.dao.DataIntegrityViolationException:
### Error updating database.  Cause: java.sql.SQLException: Field 'form_config' doesn't have a default value
### The error may exist in com/liuwenxu/df/mapper/FormMapper.java (best guess)
### The error may involve com.liuwenxu.boot.mapper.FormMapper.insert-Inline
### The error occurred while setting parameters
### SQL: INSERT INTO form  ( title,   creat_time )  VALUES  ( ?,   ? )
### Cause: java.sql.SQLException: Field 'form_config' doesn't have a default value
; Field 'form_config' doesn't have a default value; nested exception is java.sql.SQLException: Field 'form_config' doesn't have a default value]
2020-09-03 16:15:15.489 [http-nio-9394-exec-10] WARN  o.s.w.s.m.m.a.ExceptionHandlerExceptionResolver - Resolved [org.springframework.dao.DataIntegrityViolationException:
### Error updating database.  Cause: java.sql.SQLException: Field 'form_config' doesn't have a default value
### The error may exist in com/liuwenxu/df/mapper/FormMapper.java (best guess)
### The error may involve com.liuwenxu.boot.mapper.FormMapper.insert-Inline
### The error occurred while setting parameters
### SQL: INSERT INTO form  ( title,   creat_time )  VALUES  ( ?,   ? )
### Cause: java.sql.SQLException: Field 'form_config' doesn't have a default value
; Field 'form_config' doesn't have a default value; nested exception is java.sql.SQLException: Field 'form_config' doesn't have a default value]
2020-09-03 16:17:42.218 [http-nio-9394-exec-1] WARN  o.s.w.s.m.m.a.ExceptionHandlerExceptionResolver - Resolved [org.springframework.dao.DataIntegrityViolationException:
### Error updating database.  Cause: java.sql.SQLException: Field 'form_config' doesn't have a default value
### The error may exist in com/liuwenxu/df/mapper/FormMapper.java (best guess)
### The error may involve com.liuwenxu.boot.mapper.FormMapper.insert-Inline
### The error occurred while setting parameters
### SQL: INSERT INTO form  ( title,   creat_time )  VALUES  ( ?,   ? )
### Cause: java.sql.SQLException: Field 'form_config' doesn't have a default value
; Field 'form_config' doesn't have a default value; nested exception is java.sql.SQLException: Field 'form_config' doesn't have a default value]
2020-09-03 16:18:06.755 [http-nio-9394-exec-2] WARN  o.s.w.s.m.m.a.ExceptionHandlerExceptionResolver - Resolved [org.springframework.dao.DataIntegrityViolationException:
### Error updating database.  Cause: java.sql.SQLException: Field 'form_config' doesn't have a default value
### The error may exist in com/liuwenxu/df/mapper/FormMapper.java (best guess)
### The error may involve com.liuwenxu.boot.mapper.FormMapper.insert-Inline
### The error occurred while setting parameters
### SQL: INSERT INTO form  ( title,   creat_time )  VALUES  ( ?,   ? )
### Cause: java.sql.SQLException: Field 'form_config' doesn't have a default value
; Field 'form_config' doesn't have a default value; nested exception is java.sql.SQLException: Field 'form_config' doesn't have a default value]
2020-09-03 16:19:16.541 [http-nio-9394-exec-4] WARN  o.s.w.s.m.m.a.ExceptionHandlerExceptionResolver - Resolved [org.springframework.dao.DataIntegrityViolationException:
### Error updating database.  Cause: java.sql.SQLException: Field 'form_config' doesn't have a default value
### The error may exist in com/liuwenxu/df/mapper/FormMapper.java (best guess)
### The error may involve com.liuwenxu.boot.mapper.FormMapper.insert-Inline
### The error occurred while setting parameters
### SQL: INSERT INTO form  ( title,   creat_time )  VALUES  ( ?,   ? )
### Cause: java.sql.SQLException: Field 'form_config' doesn't have a default value
; Field 'form_config' doesn't have a default value; nested exception is java.sql.SQLException: Field 'form_config' doesn't have a default value]
2020-09-03 16:23:24.705 [restartedMain] WARN  org.thymeleaf.templatemode.TemplateMode - [THYMELEAF][restartedMain] Template Mode 'LEGACYHTML5' is deprecated. Using Template Mode 'HTML' instead.
2020-09-03 16:23:24.869 [restartedMain] WARN  s.d.s.w.readers.parameter.ParameterDataTypeReader - Trying to infer dataType org.springframework.ui.ModelMap
2020-09-03 16:23:40.104 [http-nio-9394-exec-1] WARN  org.springframework.web.servlet.PageNotFound - No mapping for POST /df/form/saveFormConfig/123
2020-09-03 16:24:06.701 [http-nio-9394-exec-3] WARN  o.s.w.s.m.m.a.ExceptionHandlerExceptionResolver - Resolved [org.springframework.dao.DataIntegrityViolationException:
### Error updating database.  Cause: java.sql.SQLException: Field 'title' doesn't have a default value
### The error may exist in com/liuwenxu/df/mapper/FormMapper.java (best guess)
### The error may involve com.liuwenxu.boot.mapper.FormMapper.insert-Inline
### The error occurred while setting parameters
### SQL: INSERT INTO form  ( creat_time )  VALUES  ( ? )
### Cause: java.sql.SQLException: Field 'title' doesn't have a default value
; Field 'title' doesn't have a default value; nested exception is java.sql.SQLException: Field 'title' doesn't have a default value]
2020-09-03 16:24:33.601 [http-nio-9394-exec-4] WARN  o.s.w.s.m.m.a.ExceptionHandlerExceptionResolver - Resolved [org.springframework.dao.DataIntegrityViolationException:
### Error updating database.  Cause: java.sql.SQLException: Field 'title' doesn't have a default value
### The error may exist in com/liuwenxu/df/mapper/FormMapper.java (best guess)
### The error may involve com.liuwenxu.boot.mapper.FormMapper.insert-Inline
### The error occurred while setting parameters
### SQL: INSERT INTO form  ( creat_time )  VALUES  ( ? )
### Cause: java.sql.SQLException: Field 'title' doesn't have a default value
; Field 'title' doesn't have a default value; nested exception is java.sql.SQLException: Field 'title' doesn't have a default value]
2020-09-03 16:25:17.487 [http-nio-9394-exec-5] WARN  o.s.w.s.m.m.a.ExceptionHandlerExceptionResolver - Resolved [org.springframework.dao.DataIntegrityViolationException:
### Error updating database.  Cause: java.sql.SQLException: Field 'title' doesn't have a default value
### The error may exist in com/liuwenxu/df/mapper/FormMapper.java (best guess)
### The error may involve com.liuwenxu.boot.mapper.FormMapper.insert-Inline
### The error occurred while setting parameters
### SQL: INSERT INTO form  ( creat_time )  VALUES  ( ? )
### Cause: java.sql.SQLException: Field 'title' doesn't have a default value
; Field 'title' doesn't have a default value; nested exception is java.sql.SQLException: Field 'title' doesn't have a default value]
2020-09-03 16:25:44.847 [http-nio-9394-exec-6] WARN  o.s.w.s.m.m.a.ExceptionHandlerExceptionResolver - Resolved [org.springframework.dao.DataIntegrityViolationException:
### Error updating database.  Cause: java.sql.SQLException: Field 'title' doesn't have a default value
### The error may exist in com/liuwenxu/df/mapper/FormMapper.java (best guess)
### The error may involve com.liuwenxu.boot.mapper.FormMapper.insert-Inline
### The error occurred while setting parameters
### SQL: INSERT INTO form  ( creat_time )  VALUES  ( ? )
### Cause: java.sql.SQLException: Field 'title' doesn't have a default value
; Field 'title' doesn't have a default value; nested exception is java.sql.SQLException: Field 'title' doesn't have a default value]
2020-09-03 16:26:00.841 [http-nio-9394-exec-7] WARN  o.s.w.s.m.m.a.ExceptionHandlerExceptionResolver - Resolved [org.springframework.dao.DataIntegrityViolationException:
### Error updating database.  Cause: java.sql.SQLException: Field 'title' doesn't have a default value
### The error may exist in com/liuwenxu/df/mapper/FormMapper.java (best guess)
### The error may involve com.liuwenxu.boot.mapper.FormMapper.insert-Inline
### The error occurred while setting parameters
### SQL: INSERT INTO form  ( creat_time )  VALUES  ( ? )
### Cause: java.sql.SQLException: Field 'title' doesn't have a default value
; Field 'title' doesn't have a default value; nested exception is java.sql.SQLException: Field 'title' doesn't have a default value]
2020-09-03 16:26:31.661 [http-nio-9394-exec-8] WARN  o.s.w.s.m.m.a.ExceptionHandlerExceptionResolver - Resolved [org.springframework.dao.DataIntegrityViolationException:
### Error updating database.  Cause: com.mysql.cj.jdbc.exceptions.MysqlDataTruncation: Data truncation: Data too long for column 'form_config' at row 1
### The error may exist in com/liuwenxu/df/mapper/FormMapper.java (best guess)
### The error may involve com.liuwenxu.boot.mapper.FormMapper.insert-Inline
### The error occurred while setting parameters
### SQL: INSERT INTO form  ( title, form_config,  creat_time )  VALUES  ( ?, ?,  ? )
### Cause: com.mysql.cj.jdbc.exceptions.MysqlDataTruncation: Data truncation: Data too long for column 'form_config' at row 1
; Data truncation: Data too long for column 'form_config' at row 1; nested exception is com.mysql.cj.jdbc.exceptions.MysqlDataTruncation: Data truncation: Data too long for column 'form_config' at row 1]
2020-09-03 18:54:19.572 [HikariPool-1 housekeeper] WARN  com.zaxxer.hikari.pool.HikariPool - HikariPool-1 - Thread starvation or clock leap detected (housekeeper delta=20m31s337ms).
2020-09-03 19:21:33.518 [HikariPool-1 housekeeper] WARN  com.zaxxer.hikari.pool.HikariPool - HikariPool-1 - Thread starvation or clock leap detected (housekeeper delta=26m43s928ms).
2020-09-03 19:36:05.444 [HikariPool-1 housekeeper] WARN  com.zaxxer.hikari.pool.HikariPool - HikariPool-1 - Thread starvation or clock leap detected (housekeeper delta=14m1s916ms).
