2020-09-03 15:42:45.390 [restartedMain] INFO  com.liuwenxu.boot.DynamicFormApplication - Starting DynamicFormApplication on Liu-Wenxus-MacBook-Pro.local with PID 2462 (/Users/liuwenxu/code/idea/springboot-template/target/classes started by liuwenxu in /Users/liuwenxu/code/idea/springboot-template)
2020-09-03 15:42:45.394 [restartedMain] INFO  com.liuwenxu.boot.DynamicFormApplication - No active profile set, falling back to default profiles: default
2020-09-03 15:42:45.434 [restartedMain] INFO  o.s.b.d.env.DevToolsPropertyDefaultsPostProcessor - Devtools property defaults active! Set 'spring.devtools.add-properties' to 'false' to disable
2020-09-03 15:42:45.434 [restartedMain] INFO  o.s.b.d.env.DevToolsPropertyDefaultsPostProcessor - For additional web related logging consider setting the 'logging.level.web' property to 'DEBUG'
2020-09-03 15:42:46.889 [restartedMain] INFO  o.s.boot.web.embedded.tomcat.TomcatWebServer - Tomcat initialized with port(s): 9394 (http)
2020-09-03 15:42:46.901 [restartedMain] INFO  org.apache.coyote.http11.Http11NioProtocol - Initializing ProtocolHandler ["http-nio-9394"]
2020-09-03 15:42:46.902 [restartedMain] INFO  org.apache.catalina.core.StandardService - Starting service [Tomcat]
2020-09-03 15:42:46.902 [restartedMain] INFO  org.apache.catalina.core.StandardEngine - Starting Servlet engine: [Apache Tomcat/9.0.33]
2020-09-03 15:42:46.976 [restartedMain] INFO  o.a.c.core.ContainerBase.[Tomcat].[localhost].[/] - Initializing Spring embedded WebApplicationContext
2020-09-03 15:42:46.976 [restartedMain] INFO  org.springframework.web.context.ContextLoader - Root WebApplicationContext: initialization completed in 1542 ms
2020-09-03 15:42:47.963 [restartedMain] INFO  s.d.s.w.PropertySourcedRequestMappingHandlerMapping - Mapped URL path [/v2/api-docs] onto method [springfox.documentation.swagger2.web.Swagger2Controller#getDocumentation(String, HttpServletRequest)]
2020-09-03 15:42:48.067 [restartedMain] INFO  o.s.scheduling.concurrent.ThreadPoolTaskExecutor - Initializing ExecutorService 'applicationTaskExecutor'
2020-09-03 15:42:48.108 [restartedMain] INFO  o.s.b.d.autoconfigure.OptionalLiveReloadServer - LiveReload server is running on port 35729
2020-09-03 15:42:48.139 [restartedMain] INFO  o.s.b.a.web.servlet.WelcomePageHandlerMapping - Adding welcome page template: index
2020-09-03 15:42:48.284 [restartedMain] INFO  s.d.s.web.plugins.DocumentationPluginsBootstrapper - Context refreshed
2020-09-03 15:42:48.308 [restartedMain] INFO  s.d.s.web.plugins.DocumentationPluginsBootstrapper - Found 1 custom documentation plugin(s)
2020-09-03 15:42:48.355 [restartedMain] INFO  s.d.spring.web.scanners.ApiListingReferenceScanner - Scanning for api listing references
2020-09-03 15:42:48.531 [restartedMain] INFO  org.apache.coyote.http11.Http11NioProtocol - Starting ProtocolHandler ["http-nio-9394"]
2020-09-03 15:42:48.558 [restartedMain] INFO  o.s.boot.web.embedded.tomcat.TomcatWebServer - Tomcat started on port(s): 9394 (http) with context path ''
2020-09-03 15:42:48.562 [restartedMain] INFO  com.liuwenxu.boot.DynamicFormApplication - Started DynamicFormApplication in 3.823 seconds (JVM running for 4.9)
2020-09-03 15:47:49.376 [http-nio-9394-exec-1] INFO  o.a.c.core.ContainerBase.[Tomcat].[localhost].[/] - Initializing Spring DispatcherServlet 'dispatcherServlet'
2020-09-03 15:47:49.376 [http-nio-9394-exec-1] INFO  org.springframework.web.servlet.DispatcherServlet - Initializing Servlet 'dispatcherServlet'
2020-09-03 15:47:49.383 [http-nio-9394-exec-1] INFO  org.springframework.web.servlet.DispatcherServlet - Completed initialization in 7 ms
2020-09-03 15:56:00.165 [http-nio-9394-exec-2] INFO  com.liuwenxu.boot.controller.FormController - -> Start saving formConfig <Form(id=null, title=demoData, formConfig=demoData, formData=null, creatTime=null, updateTime=null)>
2020-09-03 15:56:00.204 [http-nio-9394-exec-2] INFO  com.zaxxer.hikari.HikariDataSource - HikariPool-1 - Starting...
2020-09-03 15:56:00.449 [http-nio-9394-exec-2] INFO  com.zaxxer.hikari.HikariDataSource - HikariPool-1 - Start completed.
2020-09-03 15:57:03.674 [http-nio-9394-exec-4] INFO  com.liuwenxu.boot.controller.FormController - -> Start saving formConfig <Form(id=null, title=demoData, formConfig=demoData, formData=null, creatTime=null, updateTime=null)>
2020-09-03 15:57:12.832 [http-nio-9394-exec-5] INFO  com.liuwenxu.boot.controller.FormController - -> Start saving formConfig <Form(id=null, title=demoData, formConfig=demoData, formData=null, creatTime=null, updateTime=null)>
2020-09-03 15:57:36.941 [SpringContextShutdownHook] INFO  o.s.scheduling.concurrent.ThreadPoolTaskExecutor - Shutting down ExecutorService 'applicationTaskExecutor'
2020-09-03 15:57:36.942 [SpringContextShutdownHook] INFO  com.zaxxer.hikari.HikariDataSource - HikariPool-1 - Shutdown initiated...
2020-09-03 15:57:36.949 [SpringContextShutdownHook] INFO  com.zaxxer.hikari.HikariDataSource - HikariPool-1 - Shutdown completed.
2020-09-03 15:57:42.578 [restartedMain] INFO  com.liuwenxu.boot.DynamicFormApplication - Starting DynamicFormApplication on Liu-Wenxus-MacBook-Pro.local with PID 2626 (/Users/liuwenxu/code/idea/springboot-template/target/classes started by liuwenxu in /Users/liuwenxu/code/idea/springboot-template)
2020-09-03 15:57:42.581 [restartedMain] INFO  com.liuwenxu.boot.DynamicFormApplication - No active profile set, falling back to default profiles: default
2020-09-03 15:57:42.623 [restartedMain] INFO  o.s.b.d.env.DevToolsPropertyDefaultsPostProcessor - Devtools property defaults active! Set 'spring.devtools.add-properties' to 'false' to disable
2020-09-03 15:57:42.623 [restartedMain] INFO  o.s.b.d.env.DevToolsPropertyDefaultsPostProcessor - For additional web related logging consider setting the 'logging.level.web' property to 'DEBUG'
2020-09-03 15:57:44.106 [restartedMain] INFO  o.s.boot.web.embedded.tomcat.TomcatWebServer - Tomcat initialized with port(s): 9394 (http)
2020-09-03 15:57:44.116 [restartedMain] INFO  org.apache.coyote.http11.Http11NioProtocol - Initializing ProtocolHandler ["http-nio-9394"]
2020-09-03 15:57:44.116 [restartedMain] INFO  org.apache.catalina.core.StandardService - Starting service [Tomcat]
2020-09-03 15:57:44.117 [restartedMain] INFO  org.apache.catalina.core.StandardEngine - Starting Servlet engine: [Apache Tomcat/9.0.33]
2020-09-03 15:57:44.176 [restartedMain] INFO  o.a.c.core.ContainerBase.[Tomcat].[localhost].[/] - Initializing Spring embedded WebApplicationContext
2020-09-03 15:57:44.176 [restartedMain] INFO  org.springframework.web.context.ContextLoader - Root WebApplicationContext: initialization completed in 1552 ms
2020-09-03 15:57:44.978 [restartedMain] INFO  s.d.s.w.PropertySourcedRequestMappingHandlerMapping - Mapped URL path [/v2/api-docs] onto method [springfox.documentation.swagger2.web.Swagger2Controller#getDocumentation(String, HttpServletRequest)]
2020-09-03 15:57:45.062 [restartedMain] INFO  o.s.scheduling.concurrent.ThreadPoolTaskExecutor - Initializing ExecutorService 'applicationTaskExecutor'
2020-09-03 15:57:45.092 [restartedMain] INFO  o.s.b.d.autoconfigure.OptionalLiveReloadServer - LiveReload server is running on port 35729
2020-09-03 15:57:45.118 [restartedMain] INFO  o.s.b.a.web.servlet.WelcomePageHandlerMapping - Adding welcome page template: index
2020-09-03 15:57:45.251 [restartedMain] INFO  s.d.s.web.plugins.DocumentationPluginsBootstrapper - Context refreshed
2020-09-03 15:57:45.269 [restartedMain] INFO  s.d.s.web.plugins.DocumentationPluginsBootstrapper - Found 1 custom documentation plugin(s)
2020-09-03 15:57:45.301 [restartedMain] INFO  s.d.spring.web.scanners.ApiListingReferenceScanner - Scanning for api listing references
2020-09-03 15:57:45.436 [restartedMain] INFO  org.apache.coyote.http11.Http11NioProtocol - Starting ProtocolHandler ["http-nio-9394"]
2020-09-03 15:57:45.466 [restartedMain] INFO  o.s.boot.web.embedded.tomcat.TomcatWebServer - Tomcat started on port(s): 9394 (http) with context path ''
2020-09-03 15:57:45.470 [restartedMain] INFO  com.liuwenxu.boot.DynamicFormApplication - Started DynamicFormApplication in 3.488 seconds (JVM running for 4.296)
2020-09-03 15:57:49.916 [http-nio-9394-exec-1] INFO  o.a.c.core.ContainerBase.[Tomcat].[localhost].[/] - Initializing Spring DispatcherServlet 'dispatcherServlet'
2020-09-03 15:57:49.917 [http-nio-9394-exec-1] INFO  org.springframework.web.servlet.DispatcherServlet - Initializing Servlet 'dispatcherServlet'
2020-09-03 15:57:49.922 [http-nio-9394-exec-1] INFO  org.springframework.web.servlet.DispatcherServlet - Completed initialization in 5 ms
2020-09-03 15:57:49.946 [http-nio-9394-exec-1] INFO  com.liuwenxu.boot.controller.FormController - -> Start saving formConfig <Form(id=null, title=demoData, formConfig=demoData, formData=null, creatTime=null, updateTime=null)>
2020-09-03 15:57:49.981 [http-nio-9394-exec-1] INFO  com.zaxxer.hikari.HikariDataSource - HikariPool-1 - Starting...
2020-09-03 15:57:50.092 [http-nio-9394-exec-1] INFO  com.zaxxer.hikari.HikariDataSource - HikariPool-1 - Start completed.
2020-09-03 15:58:11.977 [http-nio-9394-exec-2] INFO  com.liuwenxu.boot.controller.FormController - -> Start saving formConfig <Form(id=null, title=demoData, formConfig=demoData, formData=null, creatTime=null, updateTime=null)>
2020-09-03 15:58:27.468 [SpringContextShutdownHook] INFO  o.s.scheduling.concurrent.ThreadPoolTaskExecutor - Shutting down ExecutorService 'applicationTaskExecutor'
2020-09-03 15:58:27.470 [SpringContextShutdownHook] INFO  com.zaxxer.hikari.HikariDataSource - HikariPool-1 - Shutdown initiated...
2020-09-03 15:58:27.478 [SpringContextShutdownHook] INFO  com.zaxxer.hikari.HikariDataSource - HikariPool-1 - Shutdown completed.
2020-09-03 15:58:31.831 [restartedMain] INFO  com.liuwenxu.boot.DynamicFormApplication - Starting DynamicFormApplication on Liu-Wenxus-MacBook-Pro.local with PID 2642 (/Users/liuwenxu/code/idea/springboot-template/target/classes started by liuwenxu in /Users/liuwenxu/code/idea/springboot-template)
2020-09-03 15:58:31.834 [restartedMain] INFO  com.liuwenxu.boot.DynamicFormApplication - No active profile set, falling back to default profiles: default
2020-09-03 15:58:31.888 [restartedMain] INFO  o.s.b.d.env.DevToolsPropertyDefaultsPostProcessor - Devtools property defaults active! Set 'spring.devtools.add-properties' to 'false' to disable
2020-09-03 15:58:31.889 [restartedMain] INFO  o.s.b.d.env.DevToolsPropertyDefaultsPostProcessor - For additional web related logging consider setting the 'logging.level.web' property to 'DEBUG'
2020-09-03 15:58:33.353 [restartedMain] INFO  o.s.boot.web.embedded.tomcat.TomcatWebServer - Tomcat initialized with port(s): 9394 (http)
2020-09-03 15:58:33.363 [restartedMain] INFO  org.apache.coyote.http11.Http11NioProtocol - Initializing ProtocolHandler ["http-nio-9394"]
2020-09-03 15:58:33.364 [restartedMain] INFO  org.apache.catalina.core.StandardService - Starting service [Tomcat]
2020-09-03 15:58:33.364 [restartedMain] INFO  org.apache.catalina.core.StandardEngine - Starting Servlet engine: [Apache Tomcat/9.0.33]
2020-09-03 15:58:33.442 [restartedMain] INFO  o.a.c.core.ContainerBase.[Tomcat].[localhost].[/] - Initializing Spring embedded WebApplicationContext
2020-09-03 15:58:33.442 [restartedMain] INFO  org.springframework.web.context.ContextLoader - Root WebApplicationContext: initialization completed in 1553 ms
2020-09-03 15:58:34.409 [restartedMain] INFO  s.d.s.w.PropertySourcedRequestMappingHandlerMapping - Mapped URL path [/v2/api-docs] onto method [springfox.documentation.swagger2.web.Swagger2Controller#getDocumentation(String, HttpServletRequest)]
2020-09-03 15:58:34.521 [restartedMain] INFO  o.s.scheduling.concurrent.ThreadPoolTaskExecutor - Initializing ExecutorService 'applicationTaskExecutor'
2020-09-03 15:58:34.561 [restartedMain] INFO  o.s.b.d.autoconfigure.OptionalLiveReloadServer - LiveReload server is running on port 35729
2020-09-03 15:58:34.592 [restartedMain] INFO  o.s.b.a.web.servlet.WelcomePageHandlerMapping - Adding welcome page template: index
2020-09-03 15:58:34.753 [restartedMain] INFO  s.d.s.web.plugins.DocumentationPluginsBootstrapper - Context refreshed
2020-09-03 15:58:34.766 [restartedMain] INFO  s.d.s.web.plugins.DocumentationPluginsBootstrapper - Found 1 custom documentation plugin(s)
2020-09-03 15:58:34.792 [restartedMain] INFO  s.d.spring.web.scanners.ApiListingReferenceScanner - Scanning for api listing references
2020-09-03 15:58:34.930 [restartedMain] INFO  org.apache.coyote.http11.Http11NioProtocol - Starting ProtocolHandler ["http-nio-9394"]
2020-09-03 15:58:34.962 [restartedMain] INFO  o.s.boot.web.embedded.tomcat.TomcatWebServer - Tomcat started on port(s): 9394 (http) with context path ''
2020-09-03 15:58:34.966 [restartedMain] INFO  com.liuwenxu.boot.DynamicFormApplication - Started DynamicFormApplication in 3.751 seconds (JVM running for 4.538)
2020-09-03 15:58:37.730 [http-nio-9394-exec-1] INFO  o.a.c.core.ContainerBase.[Tomcat].[localhost].[/] - Initializing Spring DispatcherServlet 'dispatcherServlet'
2020-09-03 15:58:37.730 [http-nio-9394-exec-1] INFO  org.springframework.web.servlet.DispatcherServlet - Initializing Servlet 'dispatcherServlet'
2020-09-03 15:58:37.735 [http-nio-9394-exec-1] INFO  org.springframework.web.servlet.DispatcherServlet - Completed initialization in 5 ms
2020-09-03 15:58:37.761 [http-nio-9394-exec-1] INFO  com.liuwenxu.boot.controller.FormController - -> Start saving formConfig <Form(id=null, title=demoData, formConfig=demoData, formData=null, creatTime=2020-09-03T15:58:37.761, updateTime=null)>
2020-09-03 15:58:37.791 [http-nio-9394-exec-1] INFO  com.zaxxer.hikari.HikariDataSource - HikariPool-1 - Starting...
2020-09-03 15:58:37.886 [http-nio-9394-exec-1] INFO  com.zaxxer.hikari.HikariDataSource - HikariPool-1 - Start completed.
2020-09-03 15:58:37.930 [http-nio-9394-exec-1] INFO  com.liuwenxu.boot.controller.FormController - -> Save formConfig success.
2020-09-03 16:01:10.867 [SpringContextShutdownHook] INFO  o.s.scheduling.concurrent.ThreadPoolTaskExecutor - Shutting down ExecutorService 'applicationTaskExecutor'
2020-09-03 16:01:10.869 [SpringContextShutdownHook] INFO  com.zaxxer.hikari.HikariDataSource - HikariPool-1 - Shutdown initiated...
2020-09-03 16:01:10.876 [SpringContextShutdownHook] INFO  com.zaxxer.hikari.HikariDataSource - HikariPool-1 - Shutdown completed.
2020-09-03 16:01:17.257 [restartedMain] INFO  com.liuwenxu.boot.DynamicFormApplication - Starting DynamicFormApplication on Liu-Wenxus-MacBook-Pro.local with PID 2674 (/Users/liuwenxu/code/idea/springboot-template/target/classes started by liuwenxu in /Users/liuwenxu/code/idea/springboot-template)
2020-09-03 16:01:17.261 [restartedMain] INFO  com.liuwenxu.boot.DynamicFormApplication - No active profile set, falling back to default profiles: default
2020-09-03 16:01:17.311 [restartedMain] INFO  o.s.b.d.env.DevToolsPropertyDefaultsPostProcessor - Devtools property defaults active! Set 'spring.devtools.add-properties' to 'false' to disable
2020-09-03 16:01:17.311 [restartedMain] INFO  o.s.b.d.env.DevToolsPropertyDefaultsPostProcessor - For additional web related logging consider setting the 'logging.level.web' property to 'DEBUG'
2020-09-03 16:01:19.097 [restartedMain] INFO  o.s.boot.web.embedded.tomcat.TomcatWebServer - Tomcat initialized with port(s): 9394 (http)
2020-09-03 16:01:19.108 [restartedMain] INFO  org.apache.coyote.http11.Http11NioProtocol - Initializing ProtocolHandler ["http-nio-9394"]
2020-09-03 16:01:19.108 [restartedMain] INFO  org.apache.catalina.core.StandardService - Starting service [Tomcat]
2020-09-03 16:01:19.109 [restartedMain] INFO  org.apache.catalina.core.StandardEngine - Starting Servlet engine: [Apache Tomcat/9.0.33]
2020-09-03 16:01:19.164 [restartedMain] INFO  o.a.c.core.ContainerBase.[Tomcat].[localhost].[/] - Initializing Spring embedded WebApplicationContext
2020-09-03 16:01:19.165 [restartedMain] INFO  org.springframework.web.context.ContextLoader - Root WebApplicationContext: initialization completed in 1853 ms
2020-09-03 16:01:19.945 [restartedMain] INFO  s.d.s.w.PropertySourcedRequestMappingHandlerMapping - Mapped URL path [/v2/api-docs] onto method [springfox.documentation.swagger2.web.Swagger2Controller#getDocumentation(String, HttpServletRequest)]
2020-09-03 16:01:20.063 [restartedMain] INFO  o.s.scheduling.concurrent.ThreadPoolTaskExecutor - Initializing ExecutorService 'applicationTaskExecutor'
2020-09-03 16:01:20.113 [restartedMain] INFO  o.s.b.d.autoconfigure.OptionalLiveReloadServer - LiveReload server is running on port 35729
2020-09-03 16:01:20.149 [restartedMain] INFO  o.s.b.a.web.servlet.WelcomePageHandlerMapping - Adding welcome page template: index
2020-09-03 16:01:20.315 [restartedMain] INFO  s.d.s.web.plugins.DocumentationPluginsBootstrapper - Context refreshed
2020-09-03 16:01:20.346 [restartedMain] INFO  s.d.s.web.plugins.DocumentationPluginsBootstrapper - Found 1 custom documentation plugin(s)
2020-09-03 16:01:20.408 [restartedMain] INFO  s.d.spring.web.scanners.ApiListingReferenceScanner - Scanning for api listing references
2020-09-03 16:01:20.598 [restartedMain] INFO  org.apache.coyote.http11.Http11NioProtocol - Starting ProtocolHandler ["http-nio-9394"]
2020-09-03 16:01:20.659 [restartedMain] INFO  o.s.boot.web.embedded.tomcat.TomcatWebServer - Tomcat started on port(s): 9394 (http) with context path ''
2020-09-03 16:01:20.668 [restartedMain] INFO  com.liuwenxu.boot.DynamicFormApplication - Started DynamicFormApplication in 3.957 seconds (JVM running for 4.632)
2020-09-03 16:01:28.875 [http-nio-9394-exec-1] INFO  o.a.c.core.ContainerBase.[Tomcat].[localhost].[/] - Initializing Spring DispatcherServlet 'dispatcherServlet'
2020-09-03 16:01:28.876 [http-nio-9394-exec-1] INFO  org.springframework.web.servlet.DispatcherServlet - Initializing Servlet 'dispatcherServlet'
2020-09-03 16:01:28.882 [http-nio-9394-exec-1] INFO  org.springframework.web.servlet.DispatcherServlet - Completed initialization in 6 ms
2020-09-03 16:03:25.393 [http-nio-9394-exec-4] INFO  com.liuwenxu.boot.controller.FormController - -> Start saving formConfig <Form(id=null, title=aaa, formConfig=null, formData=null, creatTime=2020-09-03T16:03:25.393, updateTime=null)>
2020-09-03 16:03:25.426 [http-nio-9394-exec-4] INFO  com.zaxxer.hikari.HikariDataSource - HikariPool-1 - Starting...
2020-09-03 16:03:25.540 [http-nio-9394-exec-4] INFO  com.zaxxer.hikari.HikariDataSource - HikariPool-1 - Start completed.
2020-09-03 16:03:49.324 [http-nio-9394-exec-6] INFO  com.liuwenxu.boot.controller.FormController - -> Start saving formConfig <Form(id=null, title=aaa, formConfig={"formDesc":{"name":{"type":"input","label":"姓名","attrs":{"minlength":2,"maxlength":5,"showWordLimit":true,"clearable":true},"required":true,"default":"admin"},"age":{"type":"number","label":"年龄","attrs":{},"default":0}}}
, formData=null, creatTime=2020-09-03T16:03:49.324, updateTime=null)>
2020-09-03 16:03:49.342 [http-nio-9394-exec-6] INFO  com.liuwenxu.boot.controller.FormController - -> Save formConfig success.
2020-09-03 16:05:45.462 [SpringContextShutdownHook] INFO  o.s.scheduling.concurrent.ThreadPoolTaskExecutor - Shutting down ExecutorService 'applicationTaskExecutor'
2020-09-03 16:05:45.464 [SpringContextShutdownHook] INFO  com.zaxxer.hikari.HikariDataSource - HikariPool-1 - Shutdown initiated...
2020-09-03 16:05:45.475 [SpringContextShutdownHook] INFO  com.zaxxer.hikari.HikariDataSource - HikariPool-1 - Shutdown completed.
2020-09-03 16:05:51.211 [restartedMain] INFO  com.liuwenxu.boot.DynamicFormApplication - Starting DynamicFormApplication on Liu-Wenxus-MacBook-Pro.local with PID 2742 (/Users/liuwenxu/code/idea/springboot-template/target/classes started by liuwenxu in /Users/liuwenxu/code/idea/springboot-template)
2020-09-03 16:05:51.214 [restartedMain] INFO  com.liuwenxu.boot.DynamicFormApplication - No active profile set, falling back to default profiles: default
2020-09-03 16:05:51.260 [restartedMain] INFO  o.s.b.d.env.DevToolsPropertyDefaultsPostProcessor - Devtools property defaults active! Set 'spring.devtools.add-properties' to 'false' to disable
2020-09-03 16:05:51.260 [restartedMain] INFO  o.s.b.d.env.DevToolsPropertyDefaultsPostProcessor - For additional web related logging consider setting the 'logging.level.web' property to 'DEBUG'
2020-09-03 16:05:52.550 [restartedMain] INFO  o.s.boot.web.embedded.tomcat.TomcatWebServer - Tomcat initialized with port(s): 9394 (http)
2020-09-03 16:05:52.559 [restartedMain] INFO  org.apache.coyote.http11.Http11NioProtocol - Initializing ProtocolHandler ["http-nio-9394"]
2020-09-03 16:05:52.560 [restartedMain] INFO  org.apache.catalina.core.StandardService - Starting service [Tomcat]
2020-09-03 16:05:52.560 [restartedMain] INFO  org.apache.catalina.core.StandardEngine - Starting Servlet engine: [Apache Tomcat/9.0.33]
2020-09-03 16:05:52.615 [restartedMain] INFO  o.a.c.core.ContainerBase.[Tomcat].[localhost].[/] - Initializing Spring embedded WebApplicationContext
2020-09-03 16:05:52.616 [restartedMain] INFO  org.springframework.web.context.ContextLoader - Root WebApplicationContext: initialization completed in 1356 ms
2020-09-03 16:05:53.325 [restartedMain] INFO  s.d.s.w.PropertySourcedRequestMappingHandlerMapping - Mapped URL path [/v2/api-docs] onto method [springfox.documentation.swagger2.web.Swagger2Controller#getDocumentation(String, HttpServletRequest)]
2020-09-03 16:05:53.408 [restartedMain] INFO  o.s.scheduling.concurrent.ThreadPoolTaskExecutor - Initializing ExecutorService 'applicationTaskExecutor'
2020-09-03 16:05:53.438 [restartedMain] INFO  o.s.b.d.autoconfigure.OptionalLiveReloadServer - LiveReload server is running on port 35729
2020-09-03 16:05:53.462 [restartedMain] INFO  o.s.b.a.web.servlet.WelcomePageHandlerMapping - Adding welcome page template: index
2020-09-03 16:05:53.595 [restartedMain] INFO  s.d.s.web.plugins.DocumentationPluginsBootstrapper - Context refreshed
2020-09-03 16:05:53.611 [restartedMain] INFO  s.d.s.web.plugins.DocumentationPluginsBootstrapper - Found 1 custom documentation plugin(s)
2020-09-03 16:05:53.635 [restartedMain] INFO  s.d.spring.web.scanners.ApiListingReferenceScanner - Scanning for api listing references
2020-09-03 16:05:53.751 [restartedMain] INFO  org.apache.coyote.http11.Http11NioProtocol - Starting ProtocolHandler ["http-nio-9394"]
2020-09-03 16:05:53.776 [restartedMain] INFO  o.s.boot.web.embedded.tomcat.TomcatWebServer - Tomcat started on port(s): 9394 (http) with context path ''
2020-09-03 16:05:53.779 [restartedMain] INFO  com.liuwenxu.boot.DynamicFormApplication - Started DynamicFormApplication in 3.086 seconds (JVM running for 3.815)
2020-09-03 16:06:03.045 [http-nio-9394-exec-1] INFO  o.a.c.core.ContainerBase.[Tomcat].[localhost].[/] - Initializing Spring DispatcherServlet 'dispatcherServlet'
2020-09-03 16:06:03.045 [http-nio-9394-exec-1] INFO  org.springframework.web.servlet.DispatcherServlet - Initializing Servlet 'dispatcherServlet'
2020-09-03 16:06:03.051 [http-nio-9394-exec-1] INFO  org.springframework.web.servlet.DispatcherServlet - Completed initialization in 6 ms
2020-09-03 16:06:03.103 [http-nio-9394-exec-2] INFO  com.liuwenxu.boot.controller.FormController - -> Start saving formConfig <Form(id=null, title=222, formConfig=null, formData=null, creatTime=2020-09-03T16:06:03.103, updateTime=null)>
2020-09-03 16:06:03.134 [http-nio-9394-exec-2] INFO  com.zaxxer.hikari.HikariDataSource - HikariPool-1 - Starting...
2020-09-03 16:06:03.239 [http-nio-9394-exec-2] INFO  com.zaxxer.hikari.HikariDataSource - HikariPool-1 - Start completed.
2020-09-03 16:07:06.664 [http-nio-9394-exec-4] INFO  com.liuwenxu.boot.controller.FormController - -> Start saving formConfig <Form(id=null, title=test, formConfig=null, formData=null, creatTime=2020-09-03T16:07:06.664, updateTime=null)>
2020-09-03 16:07:34.895 [http-nio-9394-exec-6] INFO  com.liuwenxu.boot.controller.FormController - -> Start saving formConfig <Form(id=null, title=123, formConfig=null, formData=null, creatTime=2020-09-03T16:07:34.895, updateTime=null)>
2020-09-03 16:08:02.470 [http-nio-9394-exec-7] INFO  com.liuwenxu.boot.controller.FormController - -> Start saving formConfig <Form(id=null, title=123, formConfig=null, formData=null, creatTime=2020-09-03T16:08:02.470, updateTime=null)>
2020-09-03 16:10:24.980 [http-nio-9394-exec-8] INFO  com.liuwenxu.boot.controller.FormController - -> Start saving formConfig <Form(id=null, title=123, formConfig=null, formData=null, creatTime=2020-09-03T16:10:24.980, updateTime=null)>
2020-09-03 16:14:17.727 [http-nio-9394-exec-9] INFO  com.liuwenxu.boot.controller.FormController - -> Start saving formConfig <Form(id=null, title=123, formConfig=null, formData=null, creatTime=2020-09-03T16:14:17.727, updateTime=null)>
2020-09-03 16:15:15.483 [http-nio-9394-exec-10] INFO  com.liuwenxu.boot.controller.FormController - -> Start saving formConfig <Form(id=null, title=123, formConfig=null, formData=null, creatTime=2020-09-03T16:15:15.483, updateTime=null)>
2020-09-03 16:17:42.212 [http-nio-9394-exec-1] INFO  com.liuwenxu.boot.controller.FormController - -> Start saving formConfig <Form(id=null, title=123, formConfig=null, formData=null, creatTime=2020-09-03T16:17:42.212, updateTime=null)>
2020-09-03 16:18:06.750 [http-nio-9394-exec-2] INFO  com.liuwenxu.boot.controller.FormController - -> Start saving formConfig <Form(id=null, title=212, formConfig=null, formData=null, creatTime=2020-09-03T16:18:06.750, updateTime=null)>
2020-09-03 16:19:16.535 [http-nio-9394-exec-4] INFO  com.liuwenxu.boot.controller.FormController - -> Start saving formConfig <Form(id=null, title=666, formConfig=null, formData=null, creatTime=2020-09-03T16:19:16.535, updateTime=null)>
2020-09-03 16:23:16.829 [SpringContextShutdownHook] INFO  o.s.scheduling.concurrent.ThreadPoolTaskExecutor - Shutting down ExecutorService 'applicationTaskExecutor'
2020-09-03 16:23:16.831 [SpringContextShutdownHook] INFO  com.zaxxer.hikari.HikariDataSource - HikariPool-1 - Shutdown initiated...
2020-09-03 16:23:16.837 [SpringContextShutdownHook] INFO  com.zaxxer.hikari.HikariDataSource - HikariPool-1 - Shutdown completed.
2020-09-03 16:23:22.388 [restartedMain] INFO  com.liuwenxu.boot.DynamicFormApplication - Starting DynamicFormApplication on Liu-Wenxus-MacBook-Pro.local with PID 2900 (/Users/liuwenxu/code/idea/springboot-template/target/classes started by liuwenxu in /Users/liuwenxu/code/idea/springboot-template)
2020-09-03 16:23:22.390 [restartedMain] INFO  com.liuwenxu.boot.DynamicFormApplication - No active profile set, falling back to default profiles: default
2020-09-03 16:23:22.434 [restartedMain] INFO  o.s.b.d.env.DevToolsPropertyDefaultsPostProcessor - Devtools property defaults active! Set 'spring.devtools.add-properties' to 'false' to disable
2020-09-03 16:23:22.434 [restartedMain] INFO  o.s.b.d.env.DevToolsPropertyDefaultsPostProcessor - For additional web related logging consider setting the 'logging.level.web' property to 'DEBUG'
2020-09-03 16:23:23.688 [restartedMain] INFO  o.s.boot.web.embedded.tomcat.TomcatWebServer - Tomcat initialized with port(s): 9394 (http)
2020-09-03 16:23:23.697 [restartedMain] INFO  org.apache.coyote.http11.Http11NioProtocol - Initializing ProtocolHandler ["http-nio-9394"]
2020-09-03 16:23:23.698 [restartedMain] INFO  org.apache.catalina.core.StandardService - Starting service [Tomcat]
2020-09-03 16:23:23.699 [restartedMain] INFO  org.apache.catalina.core.StandardEngine - Starting Servlet engine: [Apache Tomcat/9.0.33]
2020-09-03 16:23:23.764 [restartedMain] INFO  o.a.c.core.ContainerBase.[Tomcat].[localhost].[/] - Initializing Spring embedded WebApplicationContext
2020-09-03 16:23:23.764 [restartedMain] INFO  org.springframework.web.context.ContextLoader - Root WebApplicationContext: initialization completed in 1329 ms
2020-09-03 16:23:24.508 [restartedMain] INFO  s.d.s.w.PropertySourcedRequestMappingHandlerMapping - Mapped URL path [/v2/api-docs] onto method [springfox.documentation.swagger2.web.Swagger2Controller#getDocumentation(String, HttpServletRequest)]
2020-09-03 16:23:24.596 [restartedMain] INFO  o.s.scheduling.concurrent.ThreadPoolTaskExecutor - Initializing ExecutorService 'applicationTaskExecutor'
2020-09-03 16:23:24.633 [restartedMain] INFO  o.s.b.d.autoconfigure.OptionalLiveReloadServer - LiveReload server is running on port 35729
2020-09-03 16:23:24.661 [restartedMain] INFO  o.s.b.a.web.servlet.WelcomePageHandlerMapping - Adding welcome page template: index
2020-09-03 16:23:24.799 [restartedMain] INFO  s.d.s.web.plugins.DocumentationPluginsBootstrapper - Context refreshed
2020-09-03 16:23:24.813 [restartedMain] INFO  s.d.s.web.plugins.DocumentationPluginsBootstrapper - Found 1 custom documentation plugin(s)
2020-09-03 16:23:24.838 [restartedMain] INFO  s.d.spring.web.scanners.ApiListingReferenceScanner - Scanning for api listing references
2020-09-03 16:23:24.966 [restartedMain] INFO  org.apache.coyote.http11.Http11NioProtocol - Starting ProtocolHandler ["http-nio-9394"]
2020-09-03 16:23:25.000 [restartedMain] INFO  o.s.boot.web.embedded.tomcat.TomcatWebServer - Tomcat started on port(s): 9394 (http) with context path ''
2020-09-03 16:23:25.005 [restartedMain] INFO  com.liuwenxu.boot.DynamicFormApplication - Started DynamicFormApplication in 3.147 seconds (JVM running for 3.897)
2020-09-03 16:23:40.083 [http-nio-9394-exec-1] INFO  o.a.c.core.ContainerBase.[Tomcat].[localhost].[/] - Initializing Spring DispatcherServlet 'dispatcherServlet'
2020-09-03 16:23:40.083 [http-nio-9394-exec-1] INFO  org.springframework.web.servlet.DispatcherServlet - Initializing Servlet 'dispatcherServlet'
2020-09-03 16:23:40.089 [http-nio-9394-exec-1] INFO  org.springframework.web.servlet.DispatcherServlet - Completed initialization in 6 ms
2020-09-03 16:24:06.450 [http-nio-9394-exec-3] INFO  com.liuwenxu.boot.controller.FormController - -> Start saving formConfig <Form(id=null, title=null, formConfig=null, formData=null, creatTime=2020-09-03T16:24:06.450, updateTime=null)>
2020-09-03 16:24:06.492 [http-nio-9394-exec-3] INFO  com.zaxxer.hikari.HikariDataSource - HikariPool-1 - Starting...
2020-09-03 16:24:06.608 [http-nio-9394-exec-3] INFO  com.zaxxer.hikari.HikariDataSource - HikariPool-1 - Start completed.
2020-09-03 16:24:33.594 [http-nio-9394-exec-4] INFO  com.liuwenxu.boot.controller.FormController - -> Start saving formConfig <Form(id=null, title=null, formConfig=null, formData=null, creatTime=2020-09-03T16:24:33.594, updateTime=null)>
2020-09-03 16:24:59.063 [http-nio-9394-exec-5] INFO  com.liuwenxu.boot.controller.FormController - -> Start saving formConfig <Form(id=null, title=null, formConfig=null, formData=null, creatTime=2020-09-03T16:24:59.063, updateTime=null)>
2020-09-03 16:25:36.403 [http-nio-9394-exec-6] INFO  com.liuwenxu.boot.controller.FormController - -> Start saving formConfig <Form(id=null, title=null, formConfig=null, formData=null, creatTime=2020-09-03T16:25:36.403, updateTime=null)>
2020-09-03 16:25:55.829 [http-nio-9394-exec-7] INFO  com.liuwenxu.boot.controller.FormController - -> Start saving formConfig <Form(id=null, title=null, formConfig=null, formData=null, creatTime=2020-09-03T16:25:55.829, updateTime=null)>
2020-09-03 16:26:25.858 [http-nio-9394-exec-8] INFO  com.liuwenxu.boot.controller.FormController - -> Start saving formConfig <Form(id=null, title=123, formConfig="{\"formDesc\":{\"name\":{\"type\":\"input\",\"label\":\"姓名\",\"attrs\":{\"minlength\":2,\"maxlength\":5,\"showWordLimit\":true,\"clearable\":true},\"required\":true,\"default\":\"admin\"},\"age\":{\"type\":\"number\",\"label\":\"年龄\",\"attrs\":{},\"default\":0}}}", formData=null, creatTime=2020-09-03T16:26:25.858, updateTime=null)>
2020-09-03 16:30:16.085 [http-nio-9394-exec-9] INFO  com.liuwenxu.boot.controller.FormController - -> Start saving formConfig <Form(id=null, title=dididid, formConfig={"formDesc":{"name":{"type":"input","label":"姓名","attrs":{"minlength":2,"maxlength":5,"showWordLimit":true,"clearable":true},"required":true,"default":"admin"},"age":{"type":"number","label":"年龄","attrs":{},"default":0}}}, formData=null, creatTime=2020-09-03T16:30:16.085, updateTime=null)>
2020-09-03 16:30:16.112 [http-nio-9394-exec-9] INFO  com.liuwenxu.boot.controller.FormController - -> Save formConfig success.
2020-09-03 16:49:45.667 [http-nio-9394-exec-1] INFO  com.liuwenxu.boot.controller.FormController - -> Start querying all forms
2020-09-03 16:49:45.727 [http-nio-9394-exec-1] INFO  com.liuwenxu.boot.controller.FormController - -> The result of querying all forms is: [Form(id=1, title=demoData, formConfig=demoData, formData=null, creatTime=2020-09-03T07:58:38, updateTime=null), Form(id=2, title=aaa, formConfig={"formDesc":{"name":{"type":"input","label":"姓名","attrs":{"minlength":2,"maxlength":5,"showWordLimit":true,"clearable":true},"required":true,"default":"admin"},"age":{"type":"number","label":"年龄","attrs":{},"default":0}}}
, formData=null, creatTime=2020-09-03T08:03:49, updateTime=null), Form(id=3, title=dididid, formConfig={"formDesc":{"name":{"type":"input","label":"姓名","attrs":{"minlength":2,"maxlength":5,"showWordLimit":true,"clearable":true},"required":true,"default":"admin"},"age":{"type":"number","label":"年龄","attrs":{},"default":0}}}, formData=null, creatTime=2020-09-03T08:30:16, updateTime=null)]
2020-09-03 16:49:53.744 [http-nio-9394-exec-2] INFO  com.liuwenxu.boot.controller.FormController - -> Start querying all forms
2020-09-03 16:49:53.753 [http-nio-9394-exec-2] INFO  com.liuwenxu.boot.controller.FormController - -> The result of querying all forms is: [Form(id=1, title=demoData, formConfig=demoData, formData=null, creatTime=2020-09-03T07:58:38, updateTime=null), Form(id=2, title=aaa, formConfig={"formDesc":{"name":{"type":"input","label":"姓名","attrs":{"minlength":2,"maxlength":5,"showWordLimit":true,"clearable":true},"required":true,"default":"admin"},"age":{"type":"number","label":"年龄","attrs":{},"default":0}}}
, formData=null, creatTime=2020-09-03T08:03:49, updateTime=null), Form(id=3, title=dididid, formConfig={"formDesc":{"name":{"type":"input","label":"姓名","attrs":{"minlength":2,"maxlength":5,"showWordLimit":true,"clearable":true},"required":true,"default":"admin"},"age":{"type":"number","label":"年龄","attrs":{},"default":0}}}, formData=null, creatTime=2020-09-03T08:30:16, updateTime=null)]
2020-09-03 16:50:52.091 [http-nio-9394-exec-3] INFO  com.liuwenxu.boot.controller.FormController - -> Start querying all forms
2020-09-03 16:50:52.096 [http-nio-9394-exec-3] INFO  com.liuwenxu.boot.controller.FormController - -> The result of querying all forms is: [Form(id=1, title=demoData, formConfig=demoData, formData=null, creatTime=2020-09-03T07:58:38, updateTime=null), Form(id=2, title=aaa, formConfig={"formDesc":{"name":{"type":"input","label":"姓名","attrs":{"minlength":2,"maxlength":5,"showWordLimit":true,"clearable":true},"required":true,"default":"admin"},"age":{"type":"number","label":"年龄","attrs":{},"default":0}}}
, formData=null, creatTime=2020-09-03T08:03:49, updateTime=null), Form(id=3, title=dididid, formConfig={"formDesc":{"name":{"type":"input","label":"姓名","attrs":{"minlength":2,"maxlength":5,"showWordLimit":true,"clearable":true},"required":true,"default":"admin"},"age":{"type":"number","label":"年龄","attrs":{},"default":0}}}, formData=null, creatTime=2020-09-03T08:30:16, updateTime=null)]
2020-09-03 16:50:59.946 [http-nio-9394-exec-4] INFO  com.liuwenxu.boot.controller.FormController - -> Start querying all forms
2020-09-03 16:50:59.954 [http-nio-9394-exec-4] INFO  com.liuwenxu.boot.controller.FormController - -> The result of querying all forms is: [Form(id=1, title=demoData, formConfig=demoData, formData=null, creatTime=2020-09-03T07:58:38, updateTime=null), Form(id=2, title=aaa, formConfig={"formDesc":{"name":{"type":"input","label":"姓名","attrs":{"minlength":2,"maxlength":5,"showWordLimit":true,"clearable":true},"required":true,"default":"admin"},"age":{"type":"number","label":"年龄","attrs":{},"default":0}}}
, formData=null, creatTime=2020-09-03T08:03:49, updateTime=null), Form(id=3, title=dididid, formConfig={"formDesc":{"name":{"type":"input","label":"姓名","attrs":{"minlength":2,"maxlength":5,"showWordLimit":true,"clearable":true},"required":true,"default":"admin"},"age":{"type":"number","label":"年龄","attrs":{},"default":0}}}, formData=null, creatTime=2020-09-03T08:30:16, updateTime=null)]
2020-09-03 16:51:50.753 [http-nio-9394-exec-5] INFO  com.liuwenxu.boot.controller.FormController - -> Start querying all forms
2020-09-03 16:51:50.758 [http-nio-9394-exec-5] INFO  com.liuwenxu.boot.controller.FormController - -> The result of querying all forms is: [Form(id=1, title=demoData, formConfig=demoData, formData=null, creatTime=2020-09-03T07:58:38, updateTime=null), Form(id=2, title=aaa, formConfig={"formDesc":{"name":{"type":"input","label":"姓名","attrs":{"minlength":2,"maxlength":5,"showWordLimit":true,"clearable":true},"required":true,"default":"admin"},"age":{"type":"number","label":"年龄","attrs":{},"default":0}}}
, formData=null, creatTime=2020-09-03T08:03:49, updateTime=null), Form(id=3, title=dididid, formConfig={"formDesc":{"name":{"type":"input","label":"姓名","attrs":{"minlength":2,"maxlength":5,"showWordLimit":true,"clearable":true},"required":true,"default":"admin"},"age":{"type":"number","label":"年龄","attrs":{},"default":0}}}, formData=null, creatTime=2020-09-03T08:30:16, updateTime=null)]
2020-09-03 16:53:04.525 [http-nio-9394-exec-7] INFO  com.liuwenxu.boot.controller.FormController - -> Start querying all forms
2020-09-03 16:53:04.532 [http-nio-9394-exec-7] INFO  com.liuwenxu.boot.controller.FormController - -> The result of querying all forms is: [Form(id=1, title=demoData, formConfig=demoData, formData=null, creatTime=2020-09-03T07:58:38, updateTime=null), Form(id=2, title=aaa, formConfig={"formDesc":{"name":{"type":"input","label":"姓名","attrs":{"minlength":2,"maxlength":5,"showWordLimit":true,"clearable":true},"required":true,"default":"admin"},"age":{"type":"number","label":"年龄","attrs":{},"default":0}}}
, formData=null, creatTime=2020-09-03T08:03:49, updateTime=null), Form(id=3, title=dididid, formConfig={"formDesc":{"name":{"type":"input","label":"姓名","attrs":{"minlength":2,"maxlength":5,"showWordLimit":true,"clearable":true},"required":true,"default":"admin"},"age":{"type":"number","label":"年龄","attrs":{},"default":0}}}, formData=null, creatTime=2020-09-03T08:30:16, updateTime=null)]
2020-09-03 16:57:12.300 [http-nio-9394-exec-9] INFO  com.liuwenxu.boot.controller.FormController - -> Start querying all forms
2020-09-03 16:57:12.304 [http-nio-9394-exec-9] INFO  com.liuwenxu.boot.controller.FormController - -> The result of querying all forms is: [Form(id=1, title=demoData, formConfig=demoData, formData=null, creatTime=2020-09-03T07:58:38, updateTime=null), Form(id=2, title=aaa, formConfig={"formDesc":{"name":{"type":"input","label":"姓名","attrs":{"minlength":2,"maxlength":5,"showWordLimit":true,"clearable":true},"required":true,"default":"admin"},"age":{"type":"number","label":"年龄","attrs":{},"default":0}}}
, formData=null, creatTime=2020-09-03T08:03:49, updateTime=null), Form(id=3, title=dididid, formConfig={"formDesc":{"name":{"type":"input","label":"姓名","attrs":{"minlength":2,"maxlength":5,"showWordLimit":true,"clearable":true},"required":true,"default":"admin"},"age":{"type":"number","label":"年龄","attrs":{},"default":0}}}, formData=null, creatTime=2020-09-03T08:30:16, updateTime=null)]
2020-09-03 16:57:23.244 [http-nio-9394-exec-10] INFO  com.liuwenxu.boot.controller.FormController - -> Start querying all forms
2020-09-03 16:57:23.249 [http-nio-9394-exec-10] INFO  com.liuwenxu.boot.controller.FormController - -> The result of querying all forms is: [Form(id=1, title=demoData, formConfig=demoData, formData=null, creatTime=2020-09-03T07:58:38, updateTime=null), Form(id=2, title=aaa, formConfig={"formDesc":{"name":{"type":"input","label":"姓名","attrs":{"minlength":2,"maxlength":5,"showWordLimit":true,"clearable":true},"required":true,"default":"admin"},"age":{"type":"number","label":"年龄","attrs":{},"default":0}}}
, formData=null, creatTime=2020-09-03T08:03:49, updateTime=null), Form(id=3, title=dididid, formConfig={"formDesc":{"name":{"type":"input","label":"姓名","attrs":{"minlength":2,"maxlength":5,"showWordLimit":true,"clearable":true},"required":true,"default":"admin"},"age":{"type":"number","label":"年龄","attrs":{},"default":0}}}, formData=null, creatTime=2020-09-03T08:30:16, updateTime=null)]
2020-09-03 16:57:28.661 [http-nio-9394-exec-1] INFO  com.liuwenxu.boot.controller.FormController - -> Start querying all forms
2020-09-03 16:57:28.666 [http-nio-9394-exec-1] INFO  com.liuwenxu.boot.controller.FormController - -> The result of querying all forms is: [Form(id=1, title=demoData, formConfig=demoData, formData=null, creatTime=2020-09-03T07:58:38, updateTime=null), Form(id=2, title=aaa, formConfig={"formDesc":{"name":{"type":"input","label":"姓名","attrs":{"minlength":2,"maxlength":5,"showWordLimit":true,"clearable":true},"required":true,"default":"admin"},"age":{"type":"number","label":"年龄","attrs":{},"default":0}}}
, formData=null, creatTime=2020-09-03T08:03:49, updateTime=null), Form(id=3, title=dididid, formConfig={"formDesc":{"name":{"type":"input","label":"姓名","attrs":{"minlength":2,"maxlength":5,"showWordLimit":true,"clearable":true},"required":true,"default":"admin"},"age":{"type":"number","label":"年龄","attrs":{},"default":0}}}, formData=null, creatTime=2020-09-03T08:30:16, updateTime=null)]
2020-09-03 16:58:10.679 [http-nio-9394-exec-2] INFO  com.liuwenxu.boot.controller.FormController - -> Start querying all forms
2020-09-03 16:58:10.685 [http-nio-9394-exec-2] INFO  com.liuwenxu.boot.controller.FormController - -> The result of querying all forms is: [Form(id=1, title=demoData, formConfig=demoData, formData=null, creatTime=2020-09-03T07:58:38, updateTime=null), Form(id=2, title=aaa, formConfig={"formDesc":{"name":{"type":"input","label":"姓名","attrs":{"minlength":2,"maxlength":5,"showWordLimit":true,"clearable":true},"required":true,"default":"admin"},"age":{"type":"number","label":"年龄","attrs":{},"default":0}}}
, formData=null, creatTime=2020-09-03T08:03:49, updateTime=null), Form(id=3, title=dididid, formConfig={"formDesc":{"name":{"type":"input","label":"姓名","attrs":{"minlength":2,"maxlength":5,"showWordLimit":true,"clearable":true},"required":true,"default":"admin"},"age":{"type":"number","label":"年龄","attrs":{},"default":0}}}, formData=null, creatTime=2020-09-03T08:30:16, updateTime=null)]
2020-09-03 16:58:44.809 [http-nio-9394-exec-3] INFO  com.liuwenxu.boot.controller.FormController - -> Start querying all forms
2020-09-03 16:58:44.813 [http-nio-9394-exec-3] INFO  com.liuwenxu.boot.controller.FormController - -> The result of querying all forms is: [Form(id=1, title=demoData, formConfig=demoData, formData=null, creatTime=2020-09-03T07:58:38, updateTime=null), Form(id=2, title=aaa, formConfig={"formDesc":{"name":{"type":"input","label":"姓名","attrs":{"minlength":2,"maxlength":5,"showWordLimit":true,"clearable":true},"required":true,"default":"admin"},"age":{"type":"number","label":"年龄","attrs":{},"default":0}}}
, formData=null, creatTime=2020-09-03T08:03:49, updateTime=null), Form(id=3, title=dididid, formConfig={"formDesc":{"name":{"type":"input","label":"姓名","attrs":{"minlength":2,"maxlength":5,"showWordLimit":true,"clearable":true},"required":true,"default":"admin"},"age":{"type":"number","label":"年龄","attrs":{},"default":0}}}, formData=null, creatTime=2020-09-03T08:30:16, updateTime=null)]
2020-09-03 16:59:37.168 [http-nio-9394-exec-4] INFO  com.liuwenxu.boot.controller.FormController - -> Start querying all forms
2020-09-03 16:59:37.170 [http-nio-9394-exec-4] INFO  com.liuwenxu.boot.controller.FormController - -> The result of querying all forms is: [Form(id=1, title=demoData, formConfig=demoData, formData=null, creatTime=2020-09-03T07:58:38, updateTime=null), Form(id=2, title=aaa, formConfig={"formDesc":{"name":{"type":"input","label":"姓名","attrs":{"minlength":2,"maxlength":5,"showWordLimit":true,"clearable":true},"required":true,"default":"admin"},"age":{"type":"number","label":"年龄","attrs":{},"default":0}}}
, formData=null, creatTime=2020-09-03T08:03:49, updateTime=null), Form(id=3, title=dididid, formConfig={"formDesc":{"name":{"type":"input","label":"姓名","attrs":{"minlength":2,"maxlength":5,"showWordLimit":true,"clearable":true},"required":true,"default":"admin"},"age":{"type":"number","label":"年龄","attrs":{},"default":0}}}, formData=null, creatTime=2020-09-03T08:30:16, updateTime=null)]
2020-09-03 16:59:48.751 [http-nio-9394-exec-5] INFO  com.liuwenxu.boot.controller.FormController - -> Start querying all forms
2020-09-03 16:59:48.756 [http-nio-9394-exec-5] INFO  com.liuwenxu.boot.controller.FormController - -> The result of querying all forms is: [Form(id=1, title=demoData, formConfig=demoData, formData=null, creatTime=2020-09-03T07:58:38, updateTime=null), Form(id=2, title=aaa, formConfig={"formDesc":{"name":{"type":"input","label":"姓名","attrs":{"minlength":2,"maxlength":5,"showWordLimit":true,"clearable":true},"required":true,"default":"admin"},"age":{"type":"number","label":"年龄","attrs":{},"default":0}}}
, formData=null, creatTime=2020-09-03T08:03:49, updateTime=null), Form(id=3, title=dididid, formConfig={"formDesc":{"name":{"type":"input","label":"姓名","attrs":{"minlength":2,"maxlength":5,"showWordLimit":true,"clearable":true},"required":true,"default":"admin"},"age":{"type":"number","label":"年龄","attrs":{},"default":0}}}, formData=null, creatTime=2020-09-03T08:30:16, updateTime=null)]
2020-09-03 17:01:06.050 [http-nio-9394-exec-7] INFO  com.liuwenxu.boot.controller.FormController - -> Start querying all forms
2020-09-03 17:01:06.053 [http-nio-9394-exec-7] INFO  com.liuwenxu.boot.controller.FormController - -> The result of querying all forms is: [Form(id=1, title=demoData, formConfig=demoData, formData=null, creatTime=2020-09-03T07:58:38, updateTime=null), Form(id=2, title=aaa, formConfig={"formDesc":{"name":{"type":"input","label":"姓名","attrs":{"minlength":2,"maxlength":5,"showWordLimit":true,"clearable":true},"required":true,"default":"admin"},"age":{"type":"number","label":"年龄","attrs":{},"default":0}}}
, formData=null, creatTime=2020-09-03T08:03:49, updateTime=null), Form(id=3, title=dididid, formConfig={"formDesc":{"name":{"type":"input","label":"姓名","attrs":{"minlength":2,"maxlength":5,"showWordLimit":true,"clearable":true},"required":true,"default":"admin"},"age":{"type":"number","label":"年龄","attrs":{},"default":0}}}, formData=null, creatTime=2020-09-03T08:30:16, updateTime=null)]
2020-09-03 17:01:13.284 [http-nio-9394-exec-8] INFO  com.liuwenxu.boot.controller.FormController - -> Start querying all forms
2020-09-03 17:01:13.298 [http-nio-9394-exec-8] INFO  com.liuwenxu.boot.controller.FormController - -> The result of querying all forms is: [Form(id=1, title=demoData, formConfig=demoData, formData=null, creatTime=2020-09-03T07:58:38, updateTime=null), Form(id=2, title=aaa, formConfig={"formDesc":{"name":{"type":"input","label":"姓名","attrs":{"minlength":2,"maxlength":5,"showWordLimit":true,"clearable":true},"required":true,"default":"admin"},"age":{"type":"number","label":"年龄","attrs":{},"default":0}}}
, formData=null, creatTime=2020-09-03T08:03:49, updateTime=null), Form(id=3, title=dididid, formConfig={"formDesc":{"name":{"type":"input","label":"姓名","attrs":{"minlength":2,"maxlength":5,"showWordLimit":true,"clearable":true},"required":true,"default":"admin"},"age":{"type":"number","label":"年龄","attrs":{},"default":0}}}, formData=null, creatTime=2020-09-03T08:30:16, updateTime=null)]
2020-09-03 17:02:44.221 [http-nio-9394-exec-10] INFO  com.liuwenxu.boot.controller.FormController - -> Start querying all forms
2020-09-03 17:02:44.230 [http-nio-9394-exec-10] INFO  com.liuwenxu.boot.controller.FormController - -> The result of querying all forms is: [Form(id=1, title=demoData, formConfig=demoData, formData=null, creatTime=2020-09-03T07:58:38, updateTime=null), Form(id=2, title=aaa, formConfig={"formDesc":{"name":{"type":"input","label":"姓名","attrs":{"minlength":2,"maxlength":5,"showWordLimit":true,"clearable":true},"required":true,"default":"admin"},"age":{"type":"number","label":"年龄","attrs":{},"default":0}}}
, formData=null, creatTime=2020-09-03T08:03:49, updateTime=null), Form(id=3, title=dididid, formConfig={"formDesc":{"name":{"type":"input","label":"姓名","attrs":{"minlength":2,"maxlength":5,"showWordLimit":true,"clearable":true},"required":true,"default":"admin"},"age":{"type":"number","label":"年龄","attrs":{},"default":0}}}, formData=null, creatTime=2020-09-03T08:30:16, updateTime=null)]
2020-09-03 17:02:52.265 [http-nio-9394-exec-1] INFO  com.liuwenxu.boot.controller.FormController - -> Start querying all forms
2020-09-03 17:02:52.270 [http-nio-9394-exec-1] INFO  com.liuwenxu.boot.controller.FormController - -> The result of querying all forms is: [Form(id=1, title=demoData, formConfig=demoData, formData=null, creatTime=2020-09-03T07:58:38, updateTime=null), Form(id=2, title=aaa, formConfig={"formDesc":{"name":{"type":"input","label":"姓名","attrs":{"minlength":2,"maxlength":5,"showWordLimit":true,"clearable":true},"required":true,"default":"admin"},"age":{"type":"number","label":"年龄","attrs":{},"default":0}}}
, formData=null, creatTime=2020-09-03T08:03:49, updateTime=null), Form(id=3, title=dididid, formConfig={"formDesc":{"name":{"type":"input","label":"姓名","attrs":{"minlength":2,"maxlength":5,"showWordLimit":true,"clearable":true},"required":true,"default":"admin"},"age":{"type":"number","label":"年龄","attrs":{},"default":0}}}, formData=null, creatTime=2020-09-03T08:30:16, updateTime=null)]
2020-09-03 17:03:06.937 [http-nio-9394-exec-2] INFO  com.liuwenxu.boot.controller.FormController - -> Start querying all forms
2020-09-03 17:03:06.941 [http-nio-9394-exec-2] INFO  com.liuwenxu.boot.controller.FormController - -> The result of querying all forms is: [Form(id=1, title=demoData, formConfig=demoData, formData=null, creatTime=2020-09-03T07:58:38, updateTime=null), Form(id=2, title=aaa, formConfig={"formDesc":{"name":{"type":"input","label":"姓名","attrs":{"minlength":2,"maxlength":5,"showWordLimit":true,"clearable":true},"required":true,"default":"admin"},"age":{"type":"number","label":"年龄","attrs":{},"default":0}}}
, formData=null, creatTime=2020-09-03T08:03:49, updateTime=null), Form(id=3, title=dididid, formConfig={"formDesc":{"name":{"type":"input","label":"姓名","attrs":{"minlength":2,"maxlength":5,"showWordLimit":true,"clearable":true},"required":true,"default":"admin"},"age":{"type":"number","label":"年龄","attrs":{},"default":0}}}, formData=null, creatTime=2020-09-03T08:30:16, updateTime=null)]
2020-09-03 17:04:17.165 [http-nio-9394-exec-4] INFO  com.liuwenxu.boot.controller.FormController - -> Start querying all forms
2020-09-03 17:04:17.171 [http-nio-9394-exec-4] INFO  com.liuwenxu.boot.controller.FormController - -> The result of querying all forms is: [Form(id=1, title=demoData, formConfig=demoData, formData=null, creatTime=2020-09-03T07:58:38, updateTime=null), Form(id=2, title=aaa, formConfig={"formDesc":{"name":{"type":"input","label":"姓名","attrs":{"minlength":2,"maxlength":5,"showWordLimit":true,"clearable":true},"required":true,"default":"admin"},"age":{"type":"number","label":"年龄","attrs":{},"default":0}}}
, formData=null, creatTime=2020-09-03T08:03:49, updateTime=null), Form(id=3, title=dididid, formConfig={"formDesc":{"name":{"type":"input","label":"姓名","attrs":{"minlength":2,"maxlength":5,"showWordLimit":true,"clearable":true},"required":true,"default":"admin"},"age":{"type":"number","label":"年龄","attrs":{},"default":0}}}, formData=null, creatTime=2020-09-03T08:30:16, updateTime=null)]
2020-09-03 17:07:36.965 [http-nio-9394-exec-6] INFO  com.liuwenxu.boot.controller.FormController - -> Start querying all forms
2020-09-03 17:07:36.968 [http-nio-9394-exec-6] INFO  com.liuwenxu.boot.controller.FormController - -> The result of querying all forms is: [Form(id=1, title=demoData, formConfig=demoData, formData=null, creatTime=2020-09-03T07:58:38, updateTime=null), Form(id=2, title=aaa, formConfig={"formDesc":{"name":{"type":"input","label":"姓名","attrs":{"minlength":2,"maxlength":5,"showWordLimit":true,"clearable":true},"required":true,"default":"admin"},"age":{"type":"number","label":"年龄","attrs":{},"default":0}}}
, formData=null, creatTime=2020-09-03T08:03:49, updateTime=null), Form(id=3, title=dididid, formConfig={"formDesc":{"name":{"type":"input","label":"姓名","attrs":{"minlength":2,"maxlength":5,"showWordLimit":true,"clearable":true},"required":true,"default":"admin"},"age":{"type":"number","label":"年龄","attrs":{},"default":0}}}, formData=null, creatTime=2020-09-03T08:30:16, updateTime=null)]
2020-09-03 17:08:38.467 [http-nio-9394-exec-8] INFO  com.liuwenxu.boot.controller.FormController - -> Start querying all forms
2020-09-03 17:08:38.470 [http-nio-9394-exec-8] INFO  com.liuwenxu.boot.controller.FormController - -> The result of querying all forms is: [Form(id=1, title=demoData, formConfig=demoData, formData=null, creatTime=2020-09-03T07:58:38, updateTime=null), Form(id=2, title=aaa, formConfig={"formDesc":{"name":{"type":"input","label":"姓名","attrs":{"minlength":2,"maxlength":5,"showWordLimit":true,"clearable":true},"required":true,"default":"admin"},"age":{"type":"number","label":"年龄","attrs":{},"default":0}}}
, formData=null, creatTime=2020-09-03T08:03:49, updateTime=null), Form(id=3, title=dididid, formConfig={"formDesc":{"name":{"type":"input","label":"姓名","attrs":{"minlength":2,"maxlength":5,"showWordLimit":true,"clearable":true},"required":true,"default":"admin"},"age":{"type":"number","label":"年龄","attrs":{},"default":0}}}, formData=null, creatTime=2020-09-03T08:30:16, updateTime=null)]
2020-09-03 17:10:22.303 [http-nio-9394-exec-10] INFO  com.liuwenxu.boot.controller.FormController - -> Start querying all forms
2020-09-03 17:10:22.308 [http-nio-9394-exec-10] INFO  com.liuwenxu.boot.controller.FormController - -> The result of querying all forms is: [Form(id=1, title=demoData, formConfig=demoData, formData=null, creatTime=2020-09-03T07:58:38, updateTime=null), Form(id=2, title=aaa, formConfig={"formDesc":{"name":{"type":"input","label":"姓名","attrs":{"minlength":2,"maxlength":5,"showWordLimit":true,"clearable":true},"required":true,"default":"admin"},"age":{"type":"number","label":"年龄","attrs":{},"default":0}}}
, formData=null, creatTime=2020-09-03T08:03:49, updateTime=null), Form(id=3, title=dididid, formConfig={"formDesc":{"name":{"type":"input","label":"姓名","attrs":{"minlength":2,"maxlength":5,"showWordLimit":true,"clearable":true},"required":true,"default":"admin"},"age":{"type":"number","label":"年龄","attrs":{},"default":0}}}, formData=null, creatTime=2020-09-03T08:30:16, updateTime=null)]
2020-09-03 17:15:50.321 [http-nio-9394-exec-2] INFO  com.liuwenxu.boot.controller.FormController - -> Start querying all forms
2020-09-03 17:15:50.324 [http-nio-9394-exec-2] INFO  com.liuwenxu.boot.controller.FormController - -> The result of querying all forms is: [Form(id=1, title=demoData, formConfig=demoData, formData=null, creatTime=2020-09-03T07:58:38, updateTime=null), Form(id=2, title=aaa, formConfig={"formDesc":{"name":{"type":"input","label":"姓名","attrs":{"minlength":2,"maxlength":5,"showWordLimit":true,"clearable":true},"required":true,"default":"admin"},"age":{"type":"number","label":"年龄","attrs":{},"default":0}}}
, formData=null, creatTime=2020-09-03T08:03:49, updateTime=null), Form(id=3, title=dididid, formConfig={"formDesc":{"name":{"type":"input","label":"姓名","attrs":{"minlength":2,"maxlength":5,"showWordLimit":true,"clearable":true},"required":true,"default":"admin"},"age":{"type":"number","label":"年龄","attrs":{},"default":0}}}, formData=null, creatTime=2020-09-03T08:30:16, updateTime=null)]
2020-09-03 17:15:50.371 [http-nio-9394-exec-3] INFO  com.liuwenxu.boot.controller.FormController - -> Start querying all forms
2020-09-03 17:15:50.375 [http-nio-9394-exec-3] INFO  com.liuwenxu.boot.controller.FormController - -> The result of querying all forms is: [Form(id=1, title=demoData, formConfig=demoData, formData=null, creatTime=2020-09-03T07:58:38, updateTime=null), Form(id=2, title=aaa, formConfig={"formDesc":{"name":{"type":"input","label":"姓名","attrs":{"minlength":2,"maxlength":5,"showWordLimit":true,"clearable":true},"required":true,"default":"admin"},"age":{"type":"number","label":"年龄","attrs":{},"default":0}}}
, formData=null, creatTime=2020-09-03T08:03:49, updateTime=null), Form(id=3, title=dididid, formConfig={"formDesc":{"name":{"type":"input","label":"姓名","attrs":{"minlength":2,"maxlength":5,"showWordLimit":true,"clearable":true},"required":true,"default":"admin"},"age":{"type":"number","label":"年龄","attrs":{},"default":0}}}, formData=null, creatTime=2020-09-03T08:30:16, updateTime=null)]
2020-09-03 17:15:50.390 [http-nio-9394-exec-4] INFO  com.liuwenxu.boot.controller.FormController - -> Start querying all forms
2020-09-03 17:15:50.393 [http-nio-9394-exec-4] INFO  com.liuwenxu.boot.controller.FormController - -> The result of querying all forms is: [Form(id=1, title=demoData, formConfig=demoData, formData=null, creatTime=2020-09-03T07:58:38, updateTime=null), Form(id=2, title=aaa, formConfig={"formDesc":{"name":{"type":"input","label":"姓名","attrs":{"minlength":2,"maxlength":5,"showWordLimit":true,"clearable":true},"required":true,"default":"admin"},"age":{"type":"number","label":"年龄","attrs":{},"default":0}}}
, formData=null, creatTime=2020-09-03T08:03:49, updateTime=null), Form(id=3, title=dididid, formConfig={"formDesc":{"name":{"type":"input","label":"姓名","attrs":{"minlength":2,"maxlength":5,"showWordLimit":true,"clearable":true},"required":true,"default":"admin"},"age":{"type":"number","label":"年龄","attrs":{},"default":0}}}, formData=null, creatTime=2020-09-03T08:30:16, updateTime=null)]
2020-09-03 17:19:53.770 [http-nio-9394-exec-6] INFO  com.liuwenxu.boot.controller.FormController - -> Start querying all forms
2020-09-03 17:19:53.776 [http-nio-9394-exec-6] INFO  com.liuwenxu.boot.controller.FormController - -> The result of querying all forms is: [Form(id=1, title=demoData, formConfig=demoData, formData=null, creatTime=2020-09-03T07:58:38, updateTime=null), Form(id=2, title=aaa, formConfig={"formDesc":{"name":{"type":"input","label":"姓名","attrs":{"minlength":2,"maxlength":5,"showWordLimit":true,"clearable":true},"required":true,"default":"admin"},"age":{"type":"number","label":"年龄","attrs":{},"default":0}}}
, formData=null, creatTime=2020-09-03T08:03:49, updateTime=null), Form(id=3, title=dididid, formConfig={"formDesc":{"name":{"type":"input","label":"姓名","attrs":{"minlength":2,"maxlength":5,"showWordLimit":true,"clearable":true},"required":true,"default":"admin"},"age":{"type":"number","label":"年龄","attrs":{},"default":0}}}, formData=null, creatTime=2020-09-03T08:30:16, updateTime=null)]
2020-09-03 17:19:53.789 [http-nio-9394-exec-7] INFO  com.liuwenxu.boot.controller.FormController - -> Start querying all forms
2020-09-03 17:19:53.792 [http-nio-9394-exec-7] INFO  com.liuwenxu.boot.controller.FormController - -> The result of querying all forms is: [Form(id=1, title=demoData, formConfig=demoData, formData=null, creatTime=2020-09-03T07:58:38, updateTime=null), Form(id=2, title=aaa, formConfig={"formDesc":{"name":{"type":"input","label":"姓名","attrs":{"minlength":2,"maxlength":5,"showWordLimit":true,"clearable":true},"required":true,"default":"admin"},"age":{"type":"number","label":"年龄","attrs":{},"default":0}}}
, formData=null, creatTime=2020-09-03T08:03:49, updateTime=null), Form(id=3, title=dididid, formConfig={"formDesc":{"name":{"type":"input","label":"姓名","attrs":{"minlength":2,"maxlength":5,"showWordLimit":true,"clearable":true},"required":true,"default":"admin"},"age":{"type":"number","label":"年龄","attrs":{},"default":0}}}, formData=null, creatTime=2020-09-03T08:30:16, updateTime=null)]
2020-09-03 17:19:53.804 [http-nio-9394-exec-8] INFO  com.liuwenxu.boot.controller.FormController - -> Start querying all forms
2020-09-03 17:19:53.806 [http-nio-9394-exec-8] INFO  com.liuwenxu.boot.controller.FormController - -> The result of querying all forms is: [Form(id=1, title=demoData, formConfig=demoData, formData=null, creatTime=2020-09-03T07:58:38, updateTime=null), Form(id=2, title=aaa, formConfig={"formDesc":{"name":{"type":"input","label":"姓名","attrs":{"minlength":2,"maxlength":5,"showWordLimit":true,"clearable":true},"required":true,"default":"admin"},"age":{"type":"number","label":"年龄","attrs":{},"default":0}}}
, formData=null, creatTime=2020-09-03T08:03:49, updateTime=null), Form(id=3, title=dididid, formConfig={"formDesc":{"name":{"type":"input","label":"姓名","attrs":{"minlength":2,"maxlength":5,"showWordLimit":true,"clearable":true},"required":true,"default":"admin"},"age":{"type":"number","label":"年龄","attrs":{},"default":0}}}, formData=null, creatTime=2020-09-03T08:30:16, updateTime=null)]
2020-09-03 17:20:17.411 [http-nio-9394-exec-9] INFO  com.liuwenxu.boot.controller.FormController - -> Start querying all forms
2020-09-03 17:20:17.415 [http-nio-9394-exec-9] INFO  com.liuwenxu.boot.controller.FormController - -> The result of querying all forms is: [Form(id=1, title=demoData, formConfig=demoData, formData=null, creatTime=2020-09-03T07:58:38, updateTime=null), Form(id=2, title=aaa, formConfig={"formDesc":{"name":{"type":"input","label":"姓名","attrs":{"minlength":2,"maxlength":5,"showWordLimit":true,"clearable":true},"required":true,"default":"admin"},"age":{"type":"number","label":"年龄","attrs":{},"default":0}}}
, formData=null, creatTime=2020-09-03T08:03:49, updateTime=null), Form(id=3, title=dididid, formConfig={"formDesc":{"name":{"type":"input","label":"姓名","attrs":{"minlength":2,"maxlength":5,"showWordLimit":true,"clearable":true},"required":true,"default":"admin"},"age":{"type":"number","label":"年龄","attrs":{},"default":0}}}, formData=null, creatTime=2020-09-03T08:30:16, updateTime=null)]
2020-09-03 17:20:21.192 [http-nio-9394-exec-10] INFO  com.liuwenxu.boot.controller.FormController - -> Start querying all forms
2020-09-03 17:20:21.195 [http-nio-9394-exec-10] INFO  com.liuwenxu.boot.controller.FormController - -> The result of querying all forms is: [Form(id=1, title=demoData, formConfig=demoData, formData=null, creatTime=2020-09-03T07:58:38, updateTime=null), Form(id=2, title=aaa, formConfig={"formDesc":{"name":{"type":"input","label":"姓名","attrs":{"minlength":2,"maxlength":5,"showWordLimit":true,"clearable":true},"required":true,"default":"admin"},"age":{"type":"number","label":"年龄","attrs":{},"default":0}}}
, formData=null, creatTime=2020-09-03T08:03:49, updateTime=null), Form(id=3, title=dididid, formConfig={"formDesc":{"name":{"type":"input","label":"姓名","attrs":{"minlength":2,"maxlength":5,"showWordLimit":true,"clearable":true},"required":true,"default":"admin"},"age":{"type":"number","label":"年龄","attrs":{},"default":0}}}, formData=null, creatTime=2020-09-03T08:30:16, updateTime=null)]
2020-09-03 17:23:03.395 [http-nio-9394-exec-2] INFO  com.liuwenxu.boot.controller.FormController - -> Start querying all forms
2020-09-03 17:23:03.398 [http-nio-9394-exec-2] INFO  com.liuwenxu.boot.controller.FormController - -> The result of querying all forms is: [Form(id=1, title=demoData, formConfig=demoData, formData=null, creatTime=2020-09-03T07:58:38, updateTime=null), Form(id=2, title=aaa, formConfig={"formDesc":{"name":{"type":"input","label":"姓名","attrs":{"minlength":2,"maxlength":5,"showWordLimit":true,"clearable":true},"required":true,"default":"admin"},"age":{"type":"number","label":"年龄","attrs":{},"default":0}}}
, formData=null, creatTime=2020-09-03T08:03:49, updateTime=null), Form(id=3, title=dididid, formConfig={"formDesc":{"name":{"type":"input","label":"姓名","attrs":{"minlength":2,"maxlength":5,"showWordLimit":true,"clearable":true},"required":true,"default":"admin"},"age":{"type":"number","label":"年龄","attrs":{},"default":0}}}, formData=null, creatTime=2020-09-03T08:30:16, updateTime=null)]
2020-09-03 17:23:52.009 [http-nio-9394-exec-3] INFO  com.liuwenxu.boot.controller.FormController - -> Start querying all forms
2020-09-03 17:23:52.012 [http-nio-9394-exec-3] INFO  com.liuwenxu.boot.controller.FormController - -> The result of querying all forms is: [Form(id=1, title=demoData, formConfig=demoData, formData=null, creatTime=2020-09-03T07:58:38, updateTime=null), Form(id=2, title=aaa, formConfig={"formDesc":{"name":{"type":"input","label":"姓名","attrs":{"minlength":2,"maxlength":5,"showWordLimit":true,"clearable":true},"required":true,"default":"admin"},"age":{"type":"number","label":"年龄","attrs":{},"default":0}}}
, formData=null, creatTime=2020-09-03T08:03:49, updateTime=null), Form(id=3, title=dididid, formConfig={"formDesc":{"name":{"type":"input","label":"姓名","attrs":{"minlength":2,"maxlength":5,"showWordLimit":true,"clearable":true},"required":true,"default":"admin"},"age":{"type":"number","label":"年龄","attrs":{},"default":0}}}, formData=null, creatTime=2020-09-03T08:30:16, updateTime=null)]
2020-09-03 17:23:55.040 [http-nio-9394-exec-4] INFO  com.liuwenxu.boot.controller.FormController - -> Start querying all forms
2020-09-03 17:23:55.044 [http-nio-9394-exec-4] INFO  com.liuwenxu.boot.controller.FormController - -> The result of querying all forms is: [Form(id=1, title=demoData, formConfig=demoData, formData=null, creatTime=2020-09-03T07:58:38, updateTime=null), Form(id=2, title=aaa, formConfig={"formDesc":{"name":{"type":"input","label":"姓名","attrs":{"minlength":2,"maxlength":5,"showWordLimit":true,"clearable":true},"required":true,"default":"admin"},"age":{"type":"number","label":"年龄","attrs":{},"default":0}}}
, formData=null, creatTime=2020-09-03T08:03:49, updateTime=null), Form(id=3, title=dididid, formConfig={"formDesc":{"name":{"type":"input","label":"姓名","attrs":{"minlength":2,"maxlength":5,"showWordLimit":true,"clearable":true},"required":true,"default":"admin"},"age":{"type":"number","label":"年龄","attrs":{},"default":0}}}, formData=null, creatTime=2020-09-03T08:30:16, updateTime=null)]
2020-09-03 17:25:42.457 [http-nio-9394-exec-6] INFO  com.liuwenxu.boot.controller.FormController - -> Start querying all forms
2020-09-03 17:25:42.461 [http-nio-9394-exec-6] INFO  com.liuwenxu.boot.controller.FormController - -> The result of querying all forms is: [Form(id=1, title=demoData, formConfig=demoData, formData=null, creatTime=2020-09-03T07:58:38, updateTime=null), Form(id=2, title=aaa, formConfig={"formDesc":{"name":{"type":"input","label":"姓名","attrs":{"minlength":2,"maxlength":5,"showWordLimit":true,"clearable":true},"required":true,"default":"admin"},"age":{"type":"number","label":"年龄","attrs":{},"default":0}}}
, formData=null, creatTime=2020-09-03T08:03:49, updateTime=null), Form(id=3, title=dididid, formConfig={"formDesc":{"name":{"type":"input","label":"姓名","attrs":{"minlength":2,"maxlength":5,"showWordLimit":true,"clearable":true},"required":true,"default":"admin"},"age":{"type":"number","label":"年龄","attrs":{},"default":0}}}, formData=null, creatTime=2020-09-03T08:30:16, updateTime=null)]
2020-09-03 17:26:51.136 [http-nio-9394-exec-8] INFO  com.liuwenxu.boot.controller.FormController - -> Start querying all forms
2020-09-03 17:26:51.139 [http-nio-9394-exec-8] INFO  com.liuwenxu.boot.controller.FormController - -> The result of querying all forms is: [Form(id=1, title=demoData, formConfig=demoData, formData=null, creatTime=2020-09-03T07:58:38, updateTime=null), Form(id=2, title=aaa, formConfig={"formDesc":{"name":{"type":"input","label":"姓名","attrs":{"minlength":2,"maxlength":5,"showWordLimit":true,"clearable":true},"required":true,"default":"admin"},"age":{"type":"number","label":"年龄","attrs":{},"default":0}}}
, formData=null, creatTime=2020-09-03T08:03:49, updateTime=null), Form(id=3, title=dididid, formConfig={"formDesc":{"name":{"type":"input","label":"姓名","attrs":{"minlength":2,"maxlength":5,"showWordLimit":true,"clearable":true},"required":true,"default":"admin"},"age":{"type":"number","label":"年龄","attrs":{},"default":0}}}, formData=null, creatTime=2020-09-03T08:30:16, updateTime=null)]
2020-09-03 17:27:01.969 [http-nio-9394-exec-9] INFO  com.liuwenxu.boot.controller.FormController - -> Start querying all forms
2020-09-03 17:27:01.973 [http-nio-9394-exec-9] INFO  com.liuwenxu.boot.controller.FormController - -> The result of querying all forms is: [Form(id=1, title=demoData, formConfig=demoData, formData=null, creatTime=2020-09-03T07:58:38, updateTime=null), Form(id=2, title=aaa, formConfig={"formDesc":{"name":{"type":"input","label":"姓名","attrs":{"minlength":2,"maxlength":5,"showWordLimit":true,"clearable":true},"required":true,"default":"admin"},"age":{"type":"number","label":"年龄","attrs":{},"default":0}}}
, formData=null, creatTime=2020-09-03T08:03:49, updateTime=null), Form(id=3, title=dididid, formConfig={"formDesc":{"name":{"type":"input","label":"姓名","attrs":{"minlength":2,"maxlength":5,"showWordLimit":true,"clearable":true},"required":true,"default":"admin"},"age":{"type":"number","label":"年龄","attrs":{},"default":0}}}, formData=null, creatTime=2020-09-03T08:30:16, updateTime=null)]
2020-09-03 17:28:09.551 [http-nio-9394-exec-1] INFO  com.liuwenxu.boot.controller.FormController - -> Start querying all forms
2020-09-03 17:28:09.555 [http-nio-9394-exec-1] INFO  com.liuwenxu.boot.controller.FormController - -> The result of querying all forms is: [Form(id=1, title=demoData, formConfig=demoData, formData=null, creatTime=2020-09-03T07:58:38, updateTime=null), Form(id=2, title=aaa, formConfig={"formDesc":{"name":{"type":"input","label":"姓名","attrs":{"minlength":2,"maxlength":5,"showWordLimit":true,"clearable":true},"required":true,"default":"admin"},"age":{"type":"number","label":"年龄","attrs":{},"default":0}}}
, formData=null, creatTime=2020-09-03T08:03:49, updateTime=null), Form(id=3, title=dididid, formConfig={"formDesc":{"name":{"type":"input","label":"姓名","attrs":{"minlength":2,"maxlength":5,"showWordLimit":true,"clearable":true},"required":true,"default":"admin"},"age":{"type":"number","label":"年龄","attrs":{},"default":0}}}, formData=null, creatTime=2020-09-03T08:30:16, updateTime=null)]
2020-09-03 17:28:46.320 [http-nio-9394-exec-2] INFO  com.liuwenxu.boot.controller.FormController - -> Start querying all forms
2020-09-03 17:28:46.324 [http-nio-9394-exec-2] INFO  com.liuwenxu.boot.controller.FormController - -> The result of querying all forms is: [Form(id=1, title=demoData, formConfig=demoData, formData=null, creatTime=2020-09-03T07:58:38, updateTime=null), Form(id=2, title=aaa, formConfig={"formDesc":{"name":{"type":"input","label":"姓名","attrs":{"minlength":2,"maxlength":5,"showWordLimit":true,"clearable":true},"required":true,"default":"admin"},"age":{"type":"number","label":"年龄","attrs":{},"default":0}}}
, formData=null, creatTime=2020-09-03T08:03:49, updateTime=null), Form(id=3, title=dididid, formConfig={"formDesc":{"name":{"type":"input","label":"姓名","attrs":{"minlength":2,"maxlength":5,"showWordLimit":true,"clearable":true},"required":true,"default":"admin"},"age":{"type":"number","label":"年龄","attrs":{},"default":0}}}, formData=null, creatTime=2020-09-03T08:30:16, updateTime=null)]
2020-09-03 17:34:14.141 [http-nio-9394-exec-4] INFO  com.liuwenxu.boot.controller.FormController - -> Start querying all forms
2020-09-03 17:34:14.145 [http-nio-9394-exec-4] INFO  com.liuwenxu.boot.controller.FormController - -> The result of querying all forms is: [Form(id=1, title=demoData, formConfig=demoData, formData=null, creatTime=2020-09-03T07:58:38, updateTime=null), Form(id=2, title=aaa, formConfig={"formDesc":{"name":{"type":"input","label":"姓名","attrs":{"minlength":2,"maxlength":5,"showWordLimit":true,"clearable":true},"required":true,"default":"admin"},"age":{"type":"number","label":"年龄","attrs":{},"default":0}}}
, formData=null, creatTime=2020-09-03T08:03:49, updateTime=null), Form(id=3, title=dididid, formConfig={"formDesc":{"name":{"type":"input","label":"姓名","attrs":{"minlength":2,"maxlength":5,"showWordLimit":true,"clearable":true},"required":true,"default":"admin"},"age":{"type":"number","label":"年龄","attrs":{},"default":0}}}, formData=null, creatTime=2020-09-03T08:30:16, updateTime=null)]
2020-09-03 17:36:41.461 [http-nio-9394-exec-6] INFO  com.liuwenxu.boot.controller.FormController - -> Start querying all forms
2020-09-03 17:36:41.467 [http-nio-9394-exec-6] INFO  com.liuwenxu.boot.controller.FormController - -> The result of querying all forms is: [Form(id=1, title=demoData, formConfig=demoData, formData=null, creatTime=2020-09-03T07:58:38, updateTime=null), Form(id=2, title=aaa, formConfig={"formDesc":{"name":{"type":"input","label":"姓名","attrs":{"minlength":2,"maxlength":5,"showWordLimit":true,"clearable":true},"required":true,"default":"admin"},"age":{"type":"number","label":"年龄","attrs":{},"default":0}}}
, formData=null, creatTime=2020-09-03T08:03:49, updateTime=null), Form(id=3, title=dididid, formConfig={"formDesc":{"name":{"type":"input","label":"姓名","attrs":{"minlength":2,"maxlength":5,"showWordLimit":true,"clearable":true},"required":true,"default":"admin"},"age":{"type":"number","label":"年龄","attrs":{},"default":0}}}, formData=null, creatTime=2020-09-03T08:30:16, updateTime=null)]
2020-09-03 17:37:12.626 [http-nio-9394-exec-7] INFO  com.liuwenxu.boot.controller.FormController - -> Start querying all forms
2020-09-03 17:37:12.629 [http-nio-9394-exec-7] INFO  com.liuwenxu.boot.controller.FormController - -> The result of querying all forms is: [Form(id=1, title=demoData, formConfig=demoData, formData=null, creatTime=2020-09-03T07:58:38, updateTime=null), Form(id=2, title=aaa, formConfig={"formDesc":{"name":{"type":"input","label":"姓名","attrs":{"minlength":2,"maxlength":5,"showWordLimit":true,"clearable":true},"required":true,"default":"admin"},"age":{"type":"number","label":"年龄","attrs":{},"default":0}}}
, formData=null, creatTime=2020-09-03T08:03:49, updateTime=null), Form(id=3, title=dididid, formConfig={"formDesc":{"name":{"type":"input","label":"姓名","attrs":{"minlength":2,"maxlength":5,"showWordLimit":true,"clearable":true},"required":true,"default":"admin"},"age":{"type":"number","label":"年龄","attrs":{},"default":0}}}, formData=null, creatTime=2020-09-03T08:30:16, updateTime=null)]
2020-09-03 17:38:43.491 [http-nio-9394-exec-9] INFO  com.liuwenxu.boot.controller.FormController - -> Start querying all forms
2020-09-03 17:38:43.493 [http-nio-9394-exec-9] INFO  com.liuwenxu.boot.controller.FormController - -> The result of querying all forms is: [Form(id=1, title=demoData, formConfig=demoData, formData=null, creatTime=2020-09-03T07:58:38, updateTime=null), Form(id=2, title=aaa, formConfig={"formDesc":{"name":{"type":"input","label":"姓名","attrs":{"minlength":2,"maxlength":5,"showWordLimit":true,"clearable":true},"required":true,"default":"admin"},"age":{"type":"number","label":"年龄","attrs":{},"default":0}}}
, formData=null, creatTime=2020-09-03T08:03:49, updateTime=null), Form(id=3, title=dididid, formConfig={"formDesc":{"name":{"type":"input","label":"姓名","attrs":{"minlength":2,"maxlength":5,"showWordLimit":true,"clearable":true},"required":true,"default":"admin"},"age":{"type":"number","label":"年龄","attrs":{},"default":0}}}, formData=null, creatTime=2020-09-03T08:30:16, updateTime=null)]
2020-09-03 17:39:38.722 [http-nio-9394-exec-10] INFO  com.liuwenxu.boot.controller.FormController - -> Start querying all forms
2020-09-03 17:39:38.727 [http-nio-9394-exec-10] INFO  com.liuwenxu.boot.controller.FormController - -> The result of querying all forms is: [Form(id=1, title=demoData, formConfig=demoData, formData=null, creatTime=2020-09-03T07:58:38, updateTime=null), Form(id=2, title=aaa, formConfig={"formDesc":{"name":{"type":"input","label":"姓名","attrs":{"minlength":2,"maxlength":5,"showWordLimit":true,"clearable":true},"required":true,"default":"admin"},"age":{"type":"number","label":"年龄","attrs":{},"default":0}}}
, formData=null, creatTime=2020-09-03T08:03:49, updateTime=null), Form(id=3, title=dididid, formConfig={"formDesc":{"name":{"type":"input","label":"姓名","attrs":{"minlength":2,"maxlength":5,"showWordLimit":true,"clearable":true},"required":true,"default":"admin"},"age":{"type":"number","label":"年龄","attrs":{},"default":0}}}, formData=null, creatTime=2020-09-03T08:30:16, updateTime=null)]
2020-09-03 17:40:33.006 [http-nio-9394-exec-1] INFO  com.liuwenxu.boot.controller.FormController - -> Start querying all forms
2020-09-03 17:40:33.010 [http-nio-9394-exec-1] INFO  com.liuwenxu.boot.controller.FormController - -> The result of querying all forms is: [Form(id=1, title=demoData, formConfig=demoData, formData=null, creatTime=2020-09-03T07:58:38, updateTime=null), Form(id=2, title=aaa, formConfig={"formDesc":{"name":{"type":"input","label":"姓名","attrs":{"minlength":2,"maxlength":5,"showWordLimit":true,"clearable":true},"required":true,"default":"admin"},"age":{"type":"number","label":"年龄","attrs":{},"default":0}}}
, formData=null, creatTime=2020-09-03T08:03:49, updateTime=null), Form(id=3, title=dididid, formConfig={"formDesc":{"name":{"type":"input","label":"姓名","attrs":{"minlength":2,"maxlength":5,"showWordLimit":true,"clearable":true},"required":true,"default":"admin"},"age":{"type":"number","label":"年龄","attrs":{},"default":0}}}, formData=null, creatTime=2020-09-03T08:30:16, updateTime=null)]
2020-09-03 17:41:23.507 [http-nio-9394-exec-2] INFO  com.liuwenxu.boot.controller.FormController - -> Start querying all forms
2020-09-03 17:41:23.510 [http-nio-9394-exec-2] INFO  com.liuwenxu.boot.controller.FormController - -> The result of querying all forms is: [Form(id=1, title=demoData, formConfig=demoData, formData=null, creatTime=2020-09-03T07:58:38, updateTime=null), Form(id=2, title=aaa, formConfig={"formDesc":{"name":{"type":"input","label":"姓名","attrs":{"minlength":2,"maxlength":5,"showWordLimit":true,"clearable":true},"required":true,"default":"admin"},"age":{"type":"number","label":"年龄","attrs":{},"default":0}}}
, formData=null, creatTime=2020-09-03T08:03:49, updateTime=null), Form(id=3, title=dididid, formConfig={"formDesc":{"name":{"type":"input","label":"姓名","attrs":{"minlength":2,"maxlength":5,"showWordLimit":true,"clearable":true},"required":true,"default":"admin"},"age":{"type":"number","label":"年龄","attrs":{},"default":0}}}, formData=null, creatTime=2020-09-03T08:30:16, updateTime=null)]
2020-09-03 17:41:23.534 [http-nio-9394-exec-3] INFO  com.liuwenxu.boot.controller.FormController - -> Start querying all forms
2020-09-03 17:41:23.536 [http-nio-9394-exec-3] INFO  com.liuwenxu.boot.controller.FormController - -> The result of querying all forms is: [Form(id=1, title=demoData, formConfig=demoData, formData=null, creatTime=2020-09-03T07:58:38, updateTime=null), Form(id=2, title=aaa, formConfig={"formDesc":{"name":{"type":"input","label":"姓名","attrs":{"minlength":2,"maxlength":5,"showWordLimit":true,"clearable":true},"required":true,"default":"admin"},"age":{"type":"number","label":"年龄","attrs":{},"default":0}}}
, formData=null, creatTime=2020-09-03T08:03:49, updateTime=null), Form(id=3, title=dididid, formConfig={"formDesc":{"name":{"type":"input","label":"姓名","attrs":{"minlength":2,"maxlength":5,"showWordLimit":true,"clearable":true},"required":true,"default":"admin"},"age":{"type":"number","label":"年龄","attrs":{},"default":0}}}, formData=null, creatTime=2020-09-03T08:30:16, updateTime=null)]
2020-09-03 17:43:14.761 [http-nio-9394-exec-5] INFO  com.liuwenxu.boot.controller.FormController - -> Start querying all forms
2020-09-03 17:43:14.764 [http-nio-9394-exec-5] INFO  com.liuwenxu.boot.controller.FormController - -> The result of querying all forms is: [Form(id=1, title=demoData, formConfig=demoData, formData=null, creatTime=2020-09-03T07:58:38, updateTime=null), Form(id=2, title=aaa, formConfig={"formDesc":{"name":{"type":"input","label":"姓名","attrs":{"minlength":2,"maxlength":5,"showWordLimit":true,"clearable":true},"required":true,"default":"admin"},"age":{"type":"number","label":"年龄","attrs":{},"default":0}}}
, formData=null, creatTime=2020-09-03T08:03:49, updateTime=null), Form(id=3, title=dididid, formConfig={"formDesc":{"name":{"type":"input","label":"姓名","attrs":{"minlength":2,"maxlength":5,"showWordLimit":true,"clearable":true},"required":true,"default":"admin"},"age":{"type":"number","label":"年龄","attrs":{},"default":0}}}, formData=null, creatTime=2020-09-03T08:30:16, updateTime=null)]
2020-09-03 17:43:45.517 [http-nio-9394-exec-6] INFO  com.liuwenxu.boot.controller.FormController - -> Start querying all forms
2020-09-03 17:43:45.521 [http-nio-9394-exec-6] INFO  com.liuwenxu.boot.controller.FormController - -> The result of querying all forms is: [Form(id=1, title=demoData, formConfig=demoData, formData=null, creatTime=2020-09-03T07:58:38, updateTime=null), Form(id=2, title=aaa, formConfig={"formDesc":{"name":{"type":"input","label":"姓名","attrs":{"minlength":2,"maxlength":5,"showWordLimit":true,"clearable":true},"required":true,"default":"admin"},"age":{"type":"number","label":"年龄","attrs":{},"default":0}}}
, formData=null, creatTime=2020-09-03T08:03:49, updateTime=null), Form(id=3, title=dididid, formConfig={"formDesc":{"name":{"type":"input","label":"姓名","attrs":{"minlength":2,"maxlength":5,"showWordLimit":true,"clearable":true},"required":true,"default":"admin"},"age":{"type":"number","label":"年龄","attrs":{},"default":0}}}, formData=null, creatTime=2020-09-03T08:30:16, updateTime=null)]
2020-09-03 17:55:56.537 [http-nio-9394-exec-8] INFO  com.liuwenxu.boot.controller.FormController - -> Start querying all forms
2020-09-03 17:55:56.541 [http-nio-9394-exec-8] INFO  com.liuwenxu.boot.controller.FormController - -> The result of querying all forms is: [Form(id=1, title=demoData, formConfig=demoData, formData=null, creatTime=2020-09-03T07:58:38, updateTime=null), Form(id=2, title=aaa, formConfig={"formDesc":{"name":{"type":"input","label":"姓名","attrs":{"minlength":2,"maxlength":5,"showWordLimit":true,"clearable":true},"required":true,"default":"admin"},"age":{"type":"number","label":"年龄","attrs":{},"default":0}}}
, formData=null, creatTime=2020-09-03T08:03:49, updateTime=null), Form(id=3, title=dididid, formConfig={"formDesc":{"name":{"type":"input","label":"姓名","attrs":{"minlength":2,"maxlength":5,"showWordLimit":true,"clearable":true},"required":true,"default":"admin"},"age":{"type":"number","label":"年龄","attrs":{},"default":0}}}, formData=null, creatTime=2020-09-03T08:30:16, updateTime=null)]
2020-09-03 17:57:03.880 [http-nio-9394-exec-10] INFO  com.liuwenxu.boot.controller.FormController - -> Start querying all forms
2020-09-03 17:57:03.884 [http-nio-9394-exec-10] INFO  com.liuwenxu.boot.controller.FormController - -> The result of querying all forms is: [Form(id=1, title=demoData, formConfig=demoData, formData=null, creatTime=2020-09-03T07:58:38, updateTime=null), Form(id=2, title=aaa, formConfig={"formDesc":{"name":{"type":"input","label":"姓名","attrs":{"minlength":2,"maxlength":5,"showWordLimit":true,"clearable":true},"required":true,"default":"admin"},"age":{"type":"number","label":"年龄","attrs":{},"default":0}}}
, formData=null, creatTime=2020-09-03T08:03:49, updateTime=null), Form(id=3, title=dididid, formConfig={"formDesc":{"name":{"type":"input","label":"姓名","attrs":{"minlength":2,"maxlength":5,"showWordLimit":true,"clearable":true},"required":true,"default":"admin"},"age":{"type":"number","label":"年龄","attrs":{},"default":0}}}, formData=null, creatTime=2020-09-03T08:30:16, updateTime=null)]
2020-09-03 17:57:57.598 [http-nio-9394-exec-1] INFO  com.liuwenxu.boot.controller.FormController - -> Start querying all forms
2020-09-03 17:57:57.601 [http-nio-9394-exec-1] INFO  com.liuwenxu.boot.controller.FormController - -> The result of querying all forms is: [Form(id=1, title=demoData, formConfig=demoData, formData=null, creatTime=2020-09-03T07:58:38, updateTime=null), Form(id=2, title=aaa, formConfig={"formDesc":{"name":{"type":"input","label":"姓名","attrs":{"minlength":2,"maxlength":5,"showWordLimit":true,"clearable":true},"required":true,"default":"admin"},"age":{"type":"number","label":"年龄","attrs":{},"default":0}}}
, formData=null, creatTime=2020-09-03T08:03:49, updateTime=null), Form(id=3, title=dididid, formConfig={"formDesc":{"name":{"type":"input","label":"姓名","attrs":{"minlength":2,"maxlength":5,"showWordLimit":true,"clearable":true},"required":true,"default":"admin"},"age":{"type":"number","label":"年龄","attrs":{},"default":0}}}, formData=null, creatTime=2020-09-03T08:30:16, updateTime=null)]
2020-09-03 17:58:03.697 [http-nio-9394-exec-2] INFO  com.liuwenxu.boot.controller.FormController - -> Start querying all forms
2020-09-03 17:58:03.699 [http-nio-9394-exec-2] INFO  com.liuwenxu.boot.controller.FormController - -> The result of querying all forms is: [Form(id=1, title=demoData, formConfig=demoData, formData=null, creatTime=2020-09-03T07:58:38, updateTime=null), Form(id=2, title=aaa, formConfig={"formDesc":{"name":{"type":"input","label":"姓名","attrs":{"minlength":2,"maxlength":5,"showWordLimit":true,"clearable":true},"required":true,"default":"admin"},"age":{"type":"number","label":"年龄","attrs":{},"default":0}}}
, formData=null, creatTime=2020-09-03T08:03:49, updateTime=null), Form(id=3, title=dididid, formConfig={"formDesc":{"name":{"type":"input","label":"姓名","attrs":{"minlength":2,"maxlength":5,"showWordLimit":true,"clearable":true},"required":true,"default":"admin"},"age":{"type":"number","label":"年龄","attrs":{},"default":0}}}, formData=null, creatTime=2020-09-03T08:30:16, updateTime=null)]
2020-09-03 18:00:57.684 [http-nio-9394-exec-4] INFO  com.liuwenxu.boot.controller.FormController - -> Start querying all forms
2020-09-03 18:00:57.688 [http-nio-9394-exec-4] INFO  com.liuwenxu.boot.controller.FormController - -> The result of querying all forms is: [Form(id=1, title=demoData, formConfig=demoData, formData=null, creatTime=2020-09-03T07:58:38, updateTime=null), Form(id=2, title=aaa, formConfig={"formDesc":{"name":{"type":"input","label":"姓名","attrs":{"minlength":2,"maxlength":5,"showWordLimit":true,"clearable":true},"required":true,"default":"admin"},"age":{"type":"number","label":"年龄","attrs":{},"default":0}}}
, formData=null, creatTime=2020-09-03T08:03:49, updateTime=null), Form(id=3, title=dididid, formConfig={"formDesc":{"name":{"type":"input","label":"姓名","attrs":{"minlength":2,"maxlength":5,"showWordLimit":true,"clearable":true},"required":true,"default":"admin"},"age":{"type":"number","label":"年龄","attrs":{},"default":0}}}, formData=null, creatTime=2020-09-03T08:30:16, updateTime=null)]
2020-09-03 19:36:19.128 [SpringContextShutdownHook] INFO  o.s.scheduling.concurrent.ThreadPoolTaskExecutor - Shutting down ExecutorService 'applicationTaskExecutor'
2020-09-03 19:36:19.131 [SpringContextShutdownHook] INFO  com.zaxxer.hikari.HikariDataSource - HikariPool-1 - Shutdown initiated...
2020-09-03 19:36:19.135 [SpringContextShutdownHook] INFO  com.zaxxer.hikari.HikariDataSource - HikariPool-1 - Shutdown completed.
